INFO - 2023-12-12 06:41:24 --> Session: Class initialized using 'CodeIgniter\Session\Handlers\FileHandler' driver.
INFO - 2023-12-12 06:41:30 --> Session: Class initialized using 'CodeIgniter\Session\Handlers\FileHandler' driver.
INFO - 2023-12-12 06:41:31 --> Session: Class initialized using 'CodeIgniter\Session\Handlers\FileHandler' driver.
INFO - 2023-12-12 06:45:00 --> Session: Class initialized using 'CodeIgniter\Session\Handlers\FileHandler' driver.
INFO - 2023-12-12 07:24:34 --> Session: Class initialized using 'CodeIgniter\Session\Handlers\FileHandler' driver.
INFO - 2023-12-12 07:24:34 --> Session: Class initialized using 'CodeIgniter\Session\Handlers\FileHandler' driver.
INFO - 2023-12-12 07:24:39 --> Session: Class initialized using 'CodeIgniter\Session\Handlers\FileHandler' driver.
INFO - 2023-12-12 07:24:39 --> Session: Class initialized using 'CodeIgniter\Session\Handlers\FileHandler' driver.
INFO - 2023-12-12 08:26:39 --> Session: Class initialized using 'CodeIgniter\Session\Handlers\FileHandler' driver.
INFO - 2023-12-12 08:26:39 --> Session: Class initialized using 'CodeIgniter\Session\Handlers\FileHandler' driver.
INFO - 2023-12-12 08:26:44 --> Session: Class initialized using 'CodeIgniter\Session\Handlers\FileHandler' driver.
INFO - 2023-12-12 08:26:45 --> Session: Class initialized using 'CodeIgniter\Session\Handlers\FileHandler' driver.
CRITICAL - 2023-12-12 08:26:45 --> 35 : OpenSSL SSL_connect: SSL_ERROR_SYSCALL in connection to localhost:8081 
in SYSTEMPATH/HTTP/CURLRequest.php on line 693.
 1 SYSTEMPATH/HTTP/CURLRequest.php(693): CodeIgniter\HTTP\Exceptions\HTTPException::forCurlError('35', 'OpenSSL SSL_connect: SSL_ERROR_SYSCALL in connection to localhost:8081 ')
 2 SYSTEMPATH/HTTP/CURLRequest.php(387): CodeIgniter\HTTP\CURLRequest->sendRequest([...])
 3 SYSTEMPATH/HTTP/CURLRequest.php(145): CodeIgniter\HTTP\CURLRequest->send('get', 'https://localhost:8081/restoran')
 4 SYSTEMPATH/HTTP/CURLRequest.php(180): CodeIgniter\HTTP\CURLRequest->request('get', 'https://localhost:8081/restoran', [...])
 5 APPPATH/Controllers/HomeController.php(13): CodeIgniter\HTTP\CURLRequest->get('https://localhost:8081/restoran', [...])
 6 SYSTEMPATH/CodeIgniter.php(942): App\Controllers\HomeController->index()
 7 SYSTEMPATH/CodeIgniter.php(502): CodeIgniter\CodeIgniter->runController(Object(App\Controllers\HomeController))
 8 SYSTEMPATH/CodeIgniter.php(361): CodeIgniter\CodeIgniter->handleRequest(null, Object(Config\Cache), false)
 9 FCPATH/index.php(79): CodeIgniter\CodeIgniter->run()
10 SYSTEMPATH/Commands/Server/rewrite.php(47): require_once('/Users/filbertfelim/Filbert Felim/TST-CodeIgniter/public/index.php')
INFO - 2023-12-12 08:27:50 --> Session: Class initialized using 'CodeIgniter\Session\Handlers\FileHandler' driver.
CRITICAL - 2023-12-12 08:27:50 --> 35 : OpenSSL SSL_connect: SSL_ERROR_SYSCALL in connection to localhost:8081 
in SYSTEMPATH/HTTP/CURLRequest.php on line 693.
 1 SYSTEMPATH/HTTP/CURLRequest.php(693): CodeIgniter\HTTP\Exceptions\HTTPException::forCurlError('35', 'OpenSSL SSL_connect: SSL_ERROR_SYSCALL in connection to localhost:8081 ')
 2 SYSTEMPATH/HTTP/CURLRequest.php(387): CodeIgniter\HTTP\CURLRequest->sendRequest([...])
 3 SYSTEMPATH/HTTP/CURLRequest.php(145): CodeIgniter\HTTP\CURLRequest->send('get', 'https://localhost:8081/restoran')
 4 SYSTEMPATH/HTTP/CURLRequest.php(180): CodeIgniter\HTTP\CURLRequest->request('get', 'https://localhost:8081/restoran', [...])
 5 APPPATH/Controllers/HomeController.php(13): CodeIgniter\HTTP\CURLRequest->get('https://localhost:8081/restoran', [...])
 6 SYSTEMPATH/CodeIgniter.php(942): App\Controllers\HomeController->index()
 7 SYSTEMPATH/CodeIgniter.php(502): CodeIgniter\CodeIgniter->runController(Object(App\Controllers\HomeController))
 8 SYSTEMPATH/CodeIgniter.php(361): CodeIgniter\CodeIgniter->handleRequest(null, Object(Config\Cache), false)
 9 FCPATH/index.php(79): CodeIgniter\CodeIgniter->run()
10 SYSTEMPATH/Commands/Server/rewrite.php(47): require_once('/Users/filbertfelim/Filbert Felim/TST-CodeIgniter/public/index.php')
INFO - 2023-12-12 08:30:48 --> Session: Class initialized using 'CodeIgniter\Session\Handlers\FileHandler' driver.
CRITICAL - 2023-12-12 08:30:48 --> 35 : OpenSSL SSL_connect: SSL_ERROR_SYSCALL in connection to localhost:8081 
in SYSTEMPATH/HTTP/CURLRequest.php on line 693.
 1 SYSTEMPATH/HTTP/CURLRequest.php(693): CodeIgniter\HTTP\Exceptions\HTTPException::forCurlError('35', 'OpenSSL SSL_connect: SSL_ERROR_SYSCALL in connection to localhost:8081 ')
 2 SYSTEMPATH/HTTP/CURLRequest.php(387): CodeIgniter\HTTP\CURLRequest->sendRequest([...])
 3 SYSTEMPATH/HTTP/CURLRequest.php(145): CodeIgniter\HTTP\CURLRequest->send('get', 'https://localhost:8081/restoran')
 4 APPPATH/Controllers/HomeController.php(13): CodeIgniter\HTTP\CURLRequest->request('get', 'https://localhost:8081/restoran', [...])
 5 SYSTEMPATH/CodeIgniter.php(942): App\Controllers\HomeController->index()
 6 SYSTEMPATH/CodeIgniter.php(502): CodeIgniter\CodeIgniter->runController(Object(App\Controllers\HomeController))
 7 SYSTEMPATH/CodeIgniter.php(361): CodeIgniter\CodeIgniter->handleRequest(null, Object(Config\Cache), false)
 8 FCPATH/index.php(79): CodeIgniter\CodeIgniter->run()
 9 SYSTEMPATH/Commands/Server/rewrite.php(47): require_once('/Users/filbertfelim/Filbert Felim/TST-CodeIgniter/public/index.php')
INFO - 2023-12-12 08:30:49 --> Session: Class initialized using 'CodeIgniter\Session\Handlers\FileHandler' driver.
CRITICAL - 2023-12-12 08:30:49 --> 35 : OpenSSL SSL_connect: SSL_ERROR_SYSCALL in connection to localhost:8081 
in SYSTEMPATH/HTTP/CURLRequest.php on line 693.
 1 SYSTEMPATH/HTTP/CURLRequest.php(693): CodeIgniter\HTTP\Exceptions\HTTPException::forCurlError('35', 'OpenSSL SSL_connect: SSL_ERROR_SYSCALL in connection to localhost:8081 ')
 2 SYSTEMPATH/HTTP/CURLRequest.php(387): CodeIgniter\HTTP\CURLRequest->sendRequest([...])
 3 SYSTEMPATH/HTTP/CURLRequest.php(145): CodeIgniter\HTTP\CURLRequest->send('get', 'https://localhost:8081/restoran')
 4 APPPATH/Controllers/HomeController.php(13): CodeIgniter\HTTP\CURLRequest->request('get', 'https://localhost:8081/restoran', [...])
 5 SYSTEMPATH/CodeIgniter.php(942): App\Controllers\HomeController->index()
 6 SYSTEMPATH/CodeIgniter.php(502): CodeIgniter\CodeIgniter->runController(Object(App\Controllers\HomeController))
 7 SYSTEMPATH/CodeIgniter.php(361): CodeIgniter\CodeIgniter->handleRequest(null, Object(Config\Cache), false)
 8 FCPATH/index.php(79): CodeIgniter\CodeIgniter->run()
 9 SYSTEMPATH/Commands/Server/rewrite.php(47): require_once('/Users/filbertfelim/Filbert Felim/TST-CodeIgniter/public/index.php')
INFO - 2023-12-12 08:30:50 --> Session: Class initialized using 'CodeIgniter\Session\Handlers\FileHandler' driver.
CRITICAL - 2023-12-12 08:30:50 --> 35 : OpenSSL SSL_connect: SSL_ERROR_SYSCALL in connection to localhost:8081 
in SYSTEMPATH/HTTP/CURLRequest.php on line 693.
 1 SYSTEMPATH/HTTP/CURLRequest.php(693): CodeIgniter\HTTP\Exceptions\HTTPException::forCurlError('35', 'OpenSSL SSL_connect: SSL_ERROR_SYSCALL in connection to localhost:8081 ')
 2 SYSTEMPATH/HTTP/CURLRequest.php(387): CodeIgniter\HTTP\CURLRequest->sendRequest([...])
 3 SYSTEMPATH/HTTP/CURLRequest.php(145): CodeIgniter\HTTP\CURLRequest->send('get', 'https://localhost:8081/restoran')
 4 APPPATH/Controllers/HomeController.php(13): CodeIgniter\HTTP\CURLRequest->request('get', 'https://localhost:8081/restoran', [...])
 5 SYSTEMPATH/CodeIgniter.php(942): App\Controllers\HomeController->index()
 6 SYSTEMPATH/CodeIgniter.php(502): CodeIgniter\CodeIgniter->runController(Object(App\Controllers\HomeController))
 7 SYSTEMPATH/CodeIgniter.php(361): CodeIgniter\CodeIgniter->handleRequest(null, Object(Config\Cache), false)
 8 FCPATH/index.php(79): CodeIgniter\CodeIgniter->run()
 9 SYSTEMPATH/Commands/Server/rewrite.php(47): require_once('/Users/filbertfelim/Filbert Felim/TST-CodeIgniter/public/index.php')
INFO - 2023-12-12 08:30:50 --> Session: Class initialized using 'CodeIgniter\Session\Handlers\FileHandler' driver.
CRITICAL - 2023-12-12 08:30:50 --> 35 : OpenSSL SSL_connect: SSL_ERROR_SYSCALL in connection to localhost:8081 
in SYSTEMPATH/HTTP/CURLRequest.php on line 693.
 1 SYSTEMPATH/HTTP/CURLRequest.php(693): CodeIgniter\HTTP\Exceptions\HTTPException::forCurlError('35', 'OpenSSL SSL_connect: SSL_ERROR_SYSCALL in connection to localhost:8081 ')
 2 SYSTEMPATH/HTTP/CURLRequest.php(387): CodeIgniter\HTTP\CURLRequest->sendRequest([...])
 3 SYSTEMPATH/HTTP/CURLRequest.php(145): CodeIgniter\HTTP\CURLRequest->send('get', 'https://localhost:8081/restoran')
 4 APPPATH/Controllers/HomeController.php(13): CodeIgniter\HTTP\CURLRequest->request('get', 'https://localhost:8081/restoran', [...])
 5 SYSTEMPATH/CodeIgniter.php(942): App\Controllers\HomeController->index()
 6 SYSTEMPATH/CodeIgniter.php(502): CodeIgniter\CodeIgniter->runController(Object(App\Controllers\HomeController))
 7 SYSTEMPATH/CodeIgniter.php(361): CodeIgniter\CodeIgniter->handleRequest(null, Object(Config\Cache), false)
 8 FCPATH/index.php(79): CodeIgniter\CodeIgniter->run()
 9 SYSTEMPATH/Commands/Server/rewrite.php(47): require_once('/Users/filbertfelim/Filbert Felim/TST-CodeIgniter/public/index.php')
INFO - 2023-12-12 08:30:50 --> Session: Class initialized using 'CodeIgniter\Session\Handlers\FileHandler' driver.
CRITICAL - 2023-12-12 08:30:50 --> 35 : OpenSSL SSL_connect: SSL_ERROR_SYSCALL in connection to localhost:8081 
in SYSTEMPATH/HTTP/CURLRequest.php on line 693.
 1 SYSTEMPATH/HTTP/CURLRequest.php(693): CodeIgniter\HTTP\Exceptions\HTTPException::forCurlError('35', 'OpenSSL SSL_connect: SSL_ERROR_SYSCALL in connection to localhost:8081 ')
 2 SYSTEMPATH/HTTP/CURLRequest.php(387): CodeIgniter\HTTP\CURLRequest->sendRequest([...])
 3 SYSTEMPATH/HTTP/CURLRequest.php(145): CodeIgniter\HTTP\CURLRequest->send('get', 'https://localhost:8081/restoran')
 4 APPPATH/Controllers/HomeController.php(13): CodeIgniter\HTTP\CURLRequest->request('get', 'https://localhost:8081/restoran', [...])
 5 SYSTEMPATH/CodeIgniter.php(942): App\Controllers\HomeController->index()
 6 SYSTEMPATH/CodeIgniter.php(502): CodeIgniter\CodeIgniter->runController(Object(App\Controllers\HomeController))
 7 SYSTEMPATH/CodeIgniter.php(361): CodeIgniter\CodeIgniter->handleRequest(null, Object(Config\Cache), false)
 8 FCPATH/index.php(79): CodeIgniter\CodeIgniter->run()
 9 SYSTEMPATH/Commands/Server/rewrite.php(47): require_once('/Users/filbertfelim/Filbert Felim/TST-CodeIgniter/public/index.php')
INFO - 2023-12-12 08:30:51 --> Session: Class initialized using 'CodeIgniter\Session\Handlers\FileHandler' driver.
INFO - 2023-12-12 08:30:51 --> Session: Class initialized using 'CodeIgniter\Session\Handlers\FileHandler' driver.
CRITICAL - 2023-12-12 08:30:51 --> 35 : OpenSSL SSL_connect: SSL_ERROR_SYSCALL in connection to localhost:8081 
in SYSTEMPATH/HTTP/CURLRequest.php on line 693.
 1 SYSTEMPATH/HTTP/CURLRequest.php(693): CodeIgniter\HTTP\Exceptions\HTTPException::forCurlError('35', 'OpenSSL SSL_connect: SSL_ERROR_SYSCALL in connection to localhost:8081 ')
 2 SYSTEMPATH/HTTP/CURLRequest.php(387): CodeIgniter\HTTP\CURLRequest->sendRequest([...])
 3 SYSTEMPATH/HTTP/CURLRequest.php(145): CodeIgniter\HTTP\CURLRequest->send('get', 'https://localhost:8081/restoran')
 4 APPPATH/Controllers/HomeController.php(13): CodeIgniter\HTTP\CURLRequest->request('get', 'https://localhost:8081/restoran', [...])
 5 SYSTEMPATH/CodeIgniter.php(942): App\Controllers\HomeController->index()
 6 SYSTEMPATH/CodeIgniter.php(502): CodeIgniter\CodeIgniter->runController(Object(App\Controllers\HomeController))
 7 SYSTEMPATH/CodeIgniter.php(361): CodeIgniter\CodeIgniter->handleRequest(null, Object(Config\Cache), false)
 8 FCPATH/index.php(79): CodeIgniter\CodeIgniter->run()
 9 SYSTEMPATH/Commands/Server/rewrite.php(47): require_once('/Users/filbertfelim/Filbert Felim/TST-CodeIgniter/public/index.php')
INFO - 2023-12-12 08:30:55 --> Session: Class initialized using 'CodeIgniter\Session\Handlers\FileHandler' driver.
INFO - 2023-12-12 08:30:55 --> Session: Class initialized using 'CodeIgniter\Session\Handlers\FileHandler' driver.
CRITICAL - 2023-12-12 08:30:55 --> 35 : OpenSSL SSL_connect: SSL_ERROR_SYSCALL in connection to localhost:8081 
in SYSTEMPATH/HTTP/CURLRequest.php on line 693.
 1 SYSTEMPATH/HTTP/CURLRequest.php(693): CodeIgniter\HTTP\Exceptions\HTTPException::forCurlError('35', 'OpenSSL SSL_connect: SSL_ERROR_SYSCALL in connection to localhost:8081 ')
 2 SYSTEMPATH/HTTP/CURLRequest.php(387): CodeIgniter\HTTP\CURLRequest->sendRequest([...])
 3 SYSTEMPATH/HTTP/CURLRequest.php(145): CodeIgniter\HTTP\CURLRequest->send('get', 'https://localhost:8081/restoran')
 4 APPPATH/Controllers/HomeController.php(13): CodeIgniter\HTTP\CURLRequest->request('get', 'https://localhost:8081/restoran', [...])
 5 SYSTEMPATH/CodeIgniter.php(942): App\Controllers\HomeController->index()
 6 SYSTEMPATH/CodeIgniter.php(502): CodeIgniter\CodeIgniter->runController(Object(App\Controllers\HomeController))
 7 SYSTEMPATH/CodeIgniter.php(361): CodeIgniter\CodeIgniter->handleRequest(null, Object(Config\Cache), false)
 8 FCPATH/index.php(79): CodeIgniter\CodeIgniter->run()
 9 SYSTEMPATH/Commands/Server/rewrite.php(47): require_once('/Users/filbertfelim/Filbert Felim/TST-CodeIgniter/public/index.php')
INFO - 2023-12-12 08:30:56 --> Session: Class initialized using 'CodeIgniter\Session\Handlers\FileHandler' driver.
CRITICAL - 2023-12-12 08:30:56 --> 35 : OpenSSL SSL_connect: SSL_ERROR_SYSCALL in connection to localhost:8081 
in SYSTEMPATH/HTTP/CURLRequest.php on line 693.
 1 SYSTEMPATH/HTTP/CURLRequest.php(693): CodeIgniter\HTTP\Exceptions\HTTPException::forCurlError('35', 'OpenSSL SSL_connect: SSL_ERROR_SYSCALL in connection to localhost:8081 ')
 2 SYSTEMPATH/HTTP/CURLRequest.php(387): CodeIgniter\HTTP\CURLRequest->sendRequest([...])
 3 SYSTEMPATH/HTTP/CURLRequest.php(145): CodeIgniter\HTTP\CURLRequest->send('get', 'https://localhost:8081/restoran')
 4 APPPATH/Controllers/HomeController.php(13): CodeIgniter\HTTP\CURLRequest->request('get', 'https://localhost:8081/restoran', [...])
 5 SYSTEMPATH/CodeIgniter.php(942): App\Controllers\HomeController->index()
 6 SYSTEMPATH/CodeIgniter.php(502): CodeIgniter\CodeIgniter->runController(Object(App\Controllers\HomeController))
 7 SYSTEMPATH/CodeIgniter.php(361): CodeIgniter\CodeIgniter->handleRequest(null, Object(Config\Cache), false)
 8 FCPATH/index.php(79): CodeIgniter\CodeIgniter->run()
 9 SYSTEMPATH/Commands/Server/rewrite.php(47): require_once('/Users/filbertfelim/Filbert Felim/TST-CodeIgniter/public/index.php')
INFO - 2023-12-12 08:31:08 --> Session: Class initialized using 'CodeIgniter\Session\Handlers\FileHandler' driver.
CRITICAL - 2023-12-12 08:31:08 --> 35 : OpenSSL SSL_connect: SSL_ERROR_SYSCALL in connection to localhost:8081 
in SYSTEMPATH/HTTP/CURLRequest.php on line 693.
 1 SYSTEMPATH/HTTP/CURLRequest.php(693): CodeIgniter\HTTP\Exceptions\HTTPException::forCurlError('35', 'OpenSSL SSL_connect: SSL_ERROR_SYSCALL in connection to localhost:8081 ')
 2 SYSTEMPATH/HTTP/CURLRequest.php(387): CodeIgniter\HTTP\CURLRequest->sendRequest([...])
 3 SYSTEMPATH/HTTP/CURLRequest.php(145): CodeIgniter\HTTP\CURLRequest->send('get', 'https://localhost:8081/restoran')
 4 APPPATH/Controllers/HomeController.php(14): CodeIgniter\HTTP\CURLRequest->request('get', 'https://localhost:8081/restoran', [...])
 5 SYSTEMPATH/CodeIgniter.php(942): App\Controllers\HomeController->index()
 6 SYSTEMPATH/CodeIgniter.php(502): CodeIgniter\CodeIgniter->runController(Object(App\Controllers\HomeController))
 7 SYSTEMPATH/CodeIgniter.php(361): CodeIgniter\CodeIgniter->handleRequest(null, Object(Config\Cache), false)
 8 FCPATH/index.php(79): CodeIgniter\CodeIgniter->run()
 9 SYSTEMPATH/Commands/Server/rewrite.php(47): require_once('/Users/filbertfelim/Filbert Felim/TST-CodeIgniter/public/index.php')
INFO - 2023-12-12 08:31:09 --> Session: Class initialized using 'CodeIgniter\Session\Handlers\FileHandler' driver.
CRITICAL - 2023-12-12 08:31:09 --> 35 : OpenSSL SSL_connect: SSL_ERROR_SYSCALL in connection to localhost:8081 
in SYSTEMPATH/HTTP/CURLRequest.php on line 693.
 1 SYSTEMPATH/HTTP/CURLRequest.php(693): CodeIgniter\HTTP\Exceptions\HTTPException::forCurlError('35', 'OpenSSL SSL_connect: SSL_ERROR_SYSCALL in connection to localhost:8081 ')
 2 SYSTEMPATH/HTTP/CURLRequest.php(387): CodeIgniter\HTTP\CURLRequest->sendRequest([...])
 3 SYSTEMPATH/HTTP/CURLRequest.php(145): CodeIgniter\HTTP\CURLRequest->send('get', 'https://localhost:8081/restoran')
 4 APPPATH/Controllers/HomeController.php(14): CodeIgniter\HTTP\CURLRequest->request('get', 'https://localhost:8081/restoran', [...])
 5 SYSTEMPATH/CodeIgniter.php(942): App\Controllers\HomeController->index()
 6 SYSTEMPATH/CodeIgniter.php(502): CodeIgniter\CodeIgniter->runController(Object(App\Controllers\HomeController))
 7 SYSTEMPATH/CodeIgniter.php(361): CodeIgniter\CodeIgniter->handleRequest(null, Object(Config\Cache), false)
 8 FCPATH/index.php(79): CodeIgniter\CodeIgniter->run()
 9 SYSTEMPATH/Commands/Server/rewrite.php(47): require_once('/Users/filbertfelim/Filbert Felim/TST-CodeIgniter/public/index.php')
INFO - 2023-12-12 08:32:36 --> Session: Class initialized using 'CodeIgniter\Session\Handlers\FileHandler' driver.
CRITICAL - 2023-12-12 08:32:36 --> 35 : OpenSSL SSL_connect: SSL_ERROR_SYSCALL in connection to localhost:8081 
in SYSTEMPATH/HTTP/CURLRequest.php on line 693.
 1 SYSTEMPATH/HTTP/CURLRequest.php(693): CodeIgniter\HTTP\Exceptions\HTTPException::forCurlError('35', 'OpenSSL SSL_connect: SSL_ERROR_SYSCALL in connection to localhost:8081 ')
 2 SYSTEMPATH/HTTP/CURLRequest.php(387): CodeIgniter\HTTP\CURLRequest->sendRequest([...])
 3 SYSTEMPATH/HTTP/CURLRequest.php(145): CodeIgniter\HTTP\CURLRequest->send('get', 'https://localhost:8081/restoran')
 4 APPPATH/Controllers/HomeController.php(13): CodeIgniter\HTTP\CURLRequest->request('get', 'https://localhost:8081/restoran', [...])
 5 SYSTEMPATH/CodeIgniter.php(942): App\Controllers\HomeController->index()
 6 SYSTEMPATH/CodeIgniter.php(502): CodeIgniter\CodeIgniter->runController(Object(App\Controllers\HomeController))
 7 SYSTEMPATH/CodeIgniter.php(361): CodeIgniter\CodeIgniter->handleRequest(null, Object(Config\Cache), false)
 8 FCPATH/index.php(79): CodeIgniter\CodeIgniter->run()
 9 SYSTEMPATH/Commands/Server/rewrite.php(47): require_once('/Users/filbertfelim/Filbert Felim/TST-CodeIgniter/public/index.php')
INFO - 2023-12-12 08:32:37 --> Session: Class initialized using 'CodeIgniter\Session\Handlers\FileHandler' driver.
CRITICAL - 2023-12-12 08:32:37 --> 35 : OpenSSL SSL_connect: SSL_ERROR_SYSCALL in connection to localhost:8081 
in SYSTEMPATH/HTTP/CURLRequest.php on line 693.
 1 SYSTEMPATH/HTTP/CURLRequest.php(693): CodeIgniter\HTTP\Exceptions\HTTPException::forCurlError('35', 'OpenSSL SSL_connect: SSL_ERROR_SYSCALL in connection to localhost:8081 ')
 2 SYSTEMPATH/HTTP/CURLRequest.php(387): CodeIgniter\HTTP\CURLRequest->sendRequest([...])
 3 SYSTEMPATH/HTTP/CURLRequest.php(145): CodeIgniter\HTTP\CURLRequest->send('get', 'https://localhost:8081/restoran')
 4 APPPATH/Controllers/HomeController.php(13): CodeIgniter\HTTP\CURLRequest->request('get', 'https://localhost:8081/restoran', [...])
 5 SYSTEMPATH/CodeIgniter.php(942): App\Controllers\HomeController->index()
 6 SYSTEMPATH/CodeIgniter.php(502): CodeIgniter\CodeIgniter->runController(Object(App\Controllers\HomeController))
 7 SYSTEMPATH/CodeIgniter.php(361): CodeIgniter\CodeIgniter->handleRequest(null, Object(Config\Cache), false)
 8 FCPATH/index.php(79): CodeIgniter\CodeIgniter->run()
 9 SYSTEMPATH/Commands/Server/rewrite.php(47): require_once('/Users/filbertfelim/Filbert Felim/TST-CodeIgniter/public/index.php')
INFO - 2023-12-12 08:32:37 --> Session: Class initialized using 'CodeIgniter\Session\Handlers\FileHandler' driver.
CRITICAL - 2023-12-12 08:32:37 --> 35 : OpenSSL SSL_connect: SSL_ERROR_SYSCALL in connection to localhost:8081 
in SYSTEMPATH/HTTP/CURLRequest.php on line 693.
 1 SYSTEMPATH/HTTP/CURLRequest.php(693): CodeIgniter\HTTP\Exceptions\HTTPException::forCurlError('35', 'OpenSSL SSL_connect: SSL_ERROR_SYSCALL in connection to localhost:8081 ')
 2 SYSTEMPATH/HTTP/CURLRequest.php(387): CodeIgniter\HTTP\CURLRequest->sendRequest([...])
 3 SYSTEMPATH/HTTP/CURLRequest.php(145): CodeIgniter\HTTP\CURLRequest->send('get', 'https://localhost:8081/restoran')
 4 APPPATH/Controllers/HomeController.php(13): CodeIgniter\HTTP\CURLRequest->request('get', 'https://localhost:8081/restoran', [...])
 5 SYSTEMPATH/CodeIgniter.php(942): App\Controllers\HomeController->index()
 6 SYSTEMPATH/CodeIgniter.php(502): CodeIgniter\CodeIgniter->runController(Object(App\Controllers\HomeController))
 7 SYSTEMPATH/CodeIgniter.php(361): CodeIgniter\CodeIgniter->handleRequest(null, Object(Config\Cache), false)
 8 FCPATH/index.php(79): CodeIgniter\CodeIgniter->run()
 9 SYSTEMPATH/Commands/Server/rewrite.php(47): require_once('/Users/filbertfelim/Filbert Felim/TST-CodeIgniter/public/index.php')
INFO - 2023-12-12 08:32:37 --> Session: Class initialized using 'CodeIgniter\Session\Handlers\FileHandler' driver.
CRITICAL - 2023-12-12 08:32:37 --> 35 : OpenSSL SSL_connect: SSL_ERROR_SYSCALL in connection to localhost:8081 
in SYSTEMPATH/HTTP/CURLRequest.php on line 693.
 1 SYSTEMPATH/HTTP/CURLRequest.php(693): CodeIgniter\HTTP\Exceptions\HTTPException::forCurlError('35', 'OpenSSL SSL_connect: SSL_ERROR_SYSCALL in connection to localhost:8081 ')
 2 SYSTEMPATH/HTTP/CURLRequest.php(387): CodeIgniter\HTTP\CURLRequest->sendRequest([...])
 3 SYSTEMPATH/HTTP/CURLRequest.php(145): CodeIgniter\HTTP\CURLRequest->send('get', 'https://localhost:8081/restoran')
 4 APPPATH/Controllers/HomeController.php(13): CodeIgniter\HTTP\CURLRequest->request('get', 'https://localhost:8081/restoran', [...])
 5 SYSTEMPATH/CodeIgniter.php(942): App\Controllers\HomeController->index()
 6 SYSTEMPATH/CodeIgniter.php(502): CodeIgniter\CodeIgniter->runController(Object(App\Controllers\HomeController))
 7 SYSTEMPATH/CodeIgniter.php(361): CodeIgniter\CodeIgniter->handleRequest(null, Object(Config\Cache), false)
 8 FCPATH/index.php(79): CodeIgniter\CodeIgniter->run()
 9 SYSTEMPATH/Commands/Server/rewrite.php(47): require_once('/Users/filbertfelim/Filbert Felim/TST-CodeIgniter/public/index.php')
INFO - 2023-12-12 08:32:37 --> Session: Class initialized using 'CodeIgniter\Session\Handlers\FileHandler' driver.
CRITICAL - 2023-12-12 08:32:37 --> 35 : OpenSSL SSL_connect: SSL_ERROR_SYSCALL in connection to localhost:8081 
in SYSTEMPATH/HTTP/CURLRequest.php on line 693.
 1 SYSTEMPATH/HTTP/CURLRequest.php(693): CodeIgniter\HTTP\Exceptions\HTTPException::forCurlError('35', 'OpenSSL SSL_connect: SSL_ERROR_SYSCALL in connection to localhost:8081 ')
 2 SYSTEMPATH/HTTP/CURLRequest.php(387): CodeIgniter\HTTP\CURLRequest->sendRequest([...])
 3 SYSTEMPATH/HTTP/CURLRequest.php(145): CodeIgniter\HTTP\CURLRequest->send('get', 'https://localhost:8081/restoran')
 4 APPPATH/Controllers/HomeController.php(13): CodeIgniter\HTTP\CURLRequest->request('get', 'https://localhost:8081/restoran', [...])
 5 SYSTEMPATH/CodeIgniter.php(942): App\Controllers\HomeController->index()
 6 SYSTEMPATH/CodeIgniter.php(502): CodeIgniter\CodeIgniter->runController(Object(App\Controllers\HomeController))
 7 SYSTEMPATH/CodeIgniter.php(361): CodeIgniter\CodeIgniter->handleRequest(null, Object(Config\Cache), false)
 8 FCPATH/index.php(79): CodeIgniter\CodeIgniter->run()
 9 SYSTEMPATH/Commands/Server/rewrite.php(47): require_once('/Users/filbertfelim/Filbert Felim/TST-CodeIgniter/public/index.php')
INFO - 2023-12-12 08:32:37 --> Session: Class initialized using 'CodeIgniter\Session\Handlers\FileHandler' driver.
CRITICAL - 2023-12-12 08:32:37 --> 35 : OpenSSL SSL_connect: SSL_ERROR_SYSCALL in connection to localhost:8081 
in SYSTEMPATH/HTTP/CURLRequest.php on line 693.
 1 SYSTEMPATH/HTTP/CURLRequest.php(693): CodeIgniter\HTTP\Exceptions\HTTPException::forCurlError('35', 'OpenSSL SSL_connect: SSL_ERROR_SYSCALL in connection to localhost:8081 ')
 2 SYSTEMPATH/HTTP/CURLRequest.php(387): CodeIgniter\HTTP\CURLRequest->sendRequest([...])
 3 SYSTEMPATH/HTTP/CURLRequest.php(145): CodeIgniter\HTTP\CURLRequest->send('get', 'https://localhost:8081/restoran')
 4 APPPATH/Controllers/HomeController.php(13): CodeIgniter\HTTP\CURLRequest->request('get', 'https://localhost:8081/restoran', [...])
 5 SYSTEMPATH/CodeIgniter.php(942): App\Controllers\HomeController->index()
 6 SYSTEMPATH/CodeIgniter.php(502): CodeIgniter\CodeIgniter->runController(Object(App\Controllers\HomeController))
 7 SYSTEMPATH/CodeIgniter.php(361): CodeIgniter\CodeIgniter->handleRequest(null, Object(Config\Cache), false)
 8 FCPATH/index.php(79): CodeIgniter\CodeIgniter->run()
 9 SYSTEMPATH/Commands/Server/rewrite.php(47): require_once('/Users/filbertfelim/Filbert Felim/TST-CodeIgniter/public/index.php')
INFO - 2023-12-12 08:32:46 --> Session: Class initialized using 'CodeIgniter\Session\Handlers\FileHandler' driver.
CRITICAL - 2023-12-12 08:32:46 --> 35 : OpenSSL SSL_connect: SSL_ERROR_SYSCALL in connection to localhost:8081 
in SYSTEMPATH/HTTP/CURLRequest.php on line 693.
 1 SYSTEMPATH/HTTP/CURLRequest.php(693): CodeIgniter\HTTP\Exceptions\HTTPException::forCurlError('35', 'OpenSSL SSL_connect: SSL_ERROR_SYSCALL in connection to localhost:8081 ')
 2 SYSTEMPATH/HTTP/CURLRequest.php(387): CodeIgniter\HTTP\CURLRequest->sendRequest([...])
 3 SYSTEMPATH/HTTP/CURLRequest.php(145): CodeIgniter\HTTP\CURLRequest->send('get', 'https://localhost:8081/restoran')
 4 APPPATH/Controllers/HomeController.php(13): CodeIgniter\HTTP\CURLRequest->request('get', 'https://localhost:8081/restoran', [...])
 5 SYSTEMPATH/CodeIgniter.php(942): App\Controllers\HomeController->index()
 6 SYSTEMPATH/CodeIgniter.php(502): CodeIgniter\CodeIgniter->runController(Object(App\Controllers\HomeController))
 7 SYSTEMPATH/CodeIgniter.php(361): CodeIgniter\CodeIgniter->handleRequest(null, Object(Config\Cache), false)
 8 FCPATH/index.php(79): CodeIgniter\CodeIgniter->run()
 9 SYSTEMPATH/Commands/Server/rewrite.php(47): require_once('/Users/filbertfelim/Filbert Felim/TST-CodeIgniter/public/index.php')
INFO - 2023-12-12 08:32:47 --> Session: Class initialized using 'CodeIgniter\Session\Handlers\FileHandler' driver.
CRITICAL - 2023-12-12 08:32:47 --> 35 : OpenSSL SSL_connect: SSL_ERROR_SYSCALL in connection to localhost:8081 
in SYSTEMPATH/HTTP/CURLRequest.php on line 693.
 1 SYSTEMPATH/HTTP/CURLRequest.php(693): CodeIgniter\HTTP\Exceptions\HTTPException::forCurlError('35', 'OpenSSL SSL_connect: SSL_ERROR_SYSCALL in connection to localhost:8081 ')
 2 SYSTEMPATH/HTTP/CURLRequest.php(387): CodeIgniter\HTTP\CURLRequest->sendRequest([...])
 3 SYSTEMPATH/HTTP/CURLRequest.php(145): CodeIgniter\HTTP\CURLRequest->send('get', 'https://localhost:8081/restoran')
 4 APPPATH/Controllers/HomeController.php(13): CodeIgniter\HTTP\CURLRequest->request('get', 'https://localhost:8081/restoran', [...])
 5 SYSTEMPATH/CodeIgniter.php(942): App\Controllers\HomeController->index()
 6 SYSTEMPATH/CodeIgniter.php(502): CodeIgniter\CodeIgniter->runController(Object(App\Controllers\HomeController))
 7 SYSTEMPATH/CodeIgniter.php(361): CodeIgniter\CodeIgniter->handleRequest(null, Object(Config\Cache), false)
 8 FCPATH/index.php(79): CodeIgniter\CodeIgniter->run()
 9 SYSTEMPATH/Commands/Server/rewrite.php(47): require_once('/Users/filbertfelim/Filbert Felim/TST-CodeIgniter/public/index.php')
INFO - 2023-12-12 08:33:09 --> Session: Class initialized using 'CodeIgniter\Session\Handlers\FileHandler' driver.
INFO - 2023-12-12 08:38:13 --> Session: Class initialized using 'CodeIgniter\Session\Handlers\FileHandler' driver.
INFO - 2023-12-12 08:38:20 --> Session: Class initialized using 'CodeIgniter\Session\Handlers\FileHandler' driver.
CRITICAL - 2023-12-12 08:38:20 --> 22 : The requested URL returned error: 500
in SYSTEMPATH/HTTP/CURLRequest.php on line 693.
 1 SYSTEMPATH/HTTP/CURLRequest.php(693): CodeIgniter\HTTP\Exceptions\HTTPException::forCurlError('22', 'The requested URL returned error: 500')
 2 SYSTEMPATH/HTTP/CURLRequest.php(387): CodeIgniter\HTTP\CURLRequest->sendRequest([...])
 3 SYSTEMPATH/HTTP/CURLRequest.php(145): CodeIgniter\HTTP\CURLRequest->send('get', 'http://localhost:8081/restoran')
 4 APPPATH/Controllers/HomeController.php(13): CodeIgniter\HTTP\CURLRequest->request('get', 'http://localhost:8081/restoran', [...])
 5 SYSTEMPATH/CodeIgniter.php(942): App\Controllers\HomeController->index()
 6 SYSTEMPATH/CodeIgniter.php(502): CodeIgniter\CodeIgniter->runController(Object(App\Controllers\HomeController))
 7 SYSTEMPATH/CodeIgniter.php(361): CodeIgniter\CodeIgniter->handleRequest(null, Object(Config\Cache), false)
 8 FCPATH/index.php(79): CodeIgniter\CodeIgniter->run()
 9 SYSTEMPATH/Commands/Server/rewrite.php(47): require_once('/Users/filbertfelim/Filbert Felim/TST-CodeIgniter/public/index.php')
INFO - 2023-12-12 08:38:22 --> Session: Class initialized using 'CodeIgniter\Session\Handlers\FileHandler' driver.
INFO - 2023-12-12 08:40:18 --> Session: Class initialized using 'CodeIgniter\Session\Handlers\FileHandler' driver.
CRITICAL - 2023-12-12 08:40:18 --> Undefined variable $data
in APPPATH/Views/home.php on line 23.
 1 APPPATH/Views/home.php(23): CodeIgniter\Debug\Exceptions->errorHandler(2, 'Undefined variable $data', '/Users/filbertfelim/Filbert Felim/TST-CodeIgniter/app/Views/home.php', 23)
 2 SYSTEMPATH/View/View.php(228): include('/Users/filbertfelim/Filbert Felim/TST-CodeIgniter/app/Views/home.php')
 3 SYSTEMPATH/View/View.php(231): CodeIgniter\View\View->CodeIgniter\View\{closure}()
 4 SYSTEMPATH/Common.php(1172): CodeIgniter\View\View->render('home', [], true)
 5 APPPATH/Controllers/HomeController.php(23): view('home', [...])
 6 SYSTEMPATH/CodeIgniter.php(942): App\Controllers\HomeController->index()
 7 SYSTEMPATH/CodeIgniter.php(502): CodeIgniter\CodeIgniter->runController(Object(App\Controllers\HomeController))
 8 SYSTEMPATH/CodeIgniter.php(361): CodeIgniter\CodeIgniter->handleRequest(null, Object(Config\Cache), false)
 9 FCPATH/index.php(79): CodeIgniter\CodeIgniter->run()
10 SYSTEMPATH/Commands/Server/rewrite.php(47): require_once('/Users/filbertfelim/Filbert Felim/TST-CodeIgniter/public/index.php')
INFO - 2023-12-12 08:40:19 --> Session: Class initialized using 'CodeIgniter\Session\Handlers\FileHandler' driver.
CRITICAL - 2023-12-12 08:40:20 --> Undefined variable $data
in APPPATH/Views/home.php on line 23.
 1 APPPATH/Views/home.php(23): CodeIgniter\Debug\Exceptions->errorHandler(2, 'Undefined variable $data', '/Users/filbertfelim/Filbert Felim/TST-CodeIgniter/app/Views/home.php', 23)
 2 SYSTEMPATH/View/View.php(228): include('/Users/filbertfelim/Filbert Felim/TST-CodeIgniter/app/Views/home.php')
 3 SYSTEMPATH/View/View.php(231): CodeIgniter\View\View->CodeIgniter\View\{closure}()
 4 SYSTEMPATH/Common.php(1172): CodeIgniter\View\View->render('home', [], true)
 5 APPPATH/Controllers/HomeController.php(23): view('home', [...])
 6 SYSTEMPATH/CodeIgniter.php(942): App\Controllers\HomeController->index()
 7 SYSTEMPATH/CodeIgniter.php(502): CodeIgniter\CodeIgniter->runController(Object(App\Controllers\HomeController))
 8 SYSTEMPATH/CodeIgniter.php(361): CodeIgniter\CodeIgniter->handleRequest(null, Object(Config\Cache), false)
 9 FCPATH/index.php(79): CodeIgniter\CodeIgniter->run()
10 SYSTEMPATH/Commands/Server/rewrite.php(47): require_once('/Users/filbertfelim/Filbert Felim/TST-CodeIgniter/public/index.php')
INFO - 2023-12-12 08:40:46 --> Session: Class initialized using 'CodeIgniter\Session\Handlers\FileHandler' driver.
INFO - 2023-12-12 08:42:45 --> Session: Class initialized using 'CodeIgniter\Session\Handlers\FileHandler' driver.
CRITICAL - 2023-12-12 08:42:46 --> Undefined array key "nama"
in APPPATH/Views/home.php on line 24.
 1 APPPATH/Views/home.php(24): CodeIgniter\Debug\Exceptions->errorHandler(2, 'Undefined array key "nama"', '/Users/filbertfelim/Filbert Felim/TST-CodeIgniter/app/Views/home.php', 24)
 2 SYSTEMPATH/View/View.php(228): include('/Users/filbertfelim/Filbert Felim/TST-CodeIgniter/app/Views/home.php')
 3 SYSTEMPATH/View/View.php(231): CodeIgniter\View\View->CodeIgniter\View\{closure}()
 4 SYSTEMPATH/Common.php(1172): CodeIgniter\View\View->render('home', [], true)
 5 APPPATH/Controllers/HomeController.php(23): view('home', [...])
 6 SYSTEMPATH/CodeIgniter.php(942): App\Controllers\HomeController->index()
 7 SYSTEMPATH/CodeIgniter.php(502): CodeIgniter\CodeIgniter->runController(Object(App\Controllers\HomeController))
 8 SYSTEMPATH/CodeIgniter.php(361): CodeIgniter\CodeIgniter->handleRequest(null, Object(Config\Cache), false)
 9 FCPATH/index.php(79): CodeIgniter\CodeIgniter->run()
10 SYSTEMPATH/Commands/Server/rewrite.php(47): require_once('/Users/filbertfelim/Filbert Felim/TST-CodeIgniter/public/index.php')
INFO - 2023-12-12 08:42:56 --> Session: Class initialized using 'CodeIgniter\Session\Handlers\FileHandler' driver.
CRITICAL - 2023-12-12 08:42:57 --> Array to string conversion
in APPPATH/Views/home.php on line 24.
 1 APPPATH/Views/home.php(24): CodeIgniter\Debug\Exceptions->errorHandler(2, 'Array to string conversion', '/Users/filbertfelim/Filbert Felim/TST-CodeIgniter/app/Views/home.php', 24)
 2 SYSTEMPATH/View/View.php(228): include('/Users/filbertfelim/Filbert Felim/TST-CodeIgniter/app/Views/home.php')
 3 SYSTEMPATH/View/View.php(231): CodeIgniter\View\View->CodeIgniter\View\{closure}()
 4 SYSTEMPATH/Common.php(1172): CodeIgniter\View\View->render('home', [], true)
 5 APPPATH/Controllers/HomeController.php(23): view('home', [...])
 6 SYSTEMPATH/CodeIgniter.php(942): App\Controllers\HomeController->index()
 7 SYSTEMPATH/CodeIgniter.php(502): CodeIgniter\CodeIgniter->runController(Object(App\Controllers\HomeController))
 8 SYSTEMPATH/CodeIgniter.php(361): CodeIgniter\CodeIgniter->handleRequest(null, Object(Config\Cache), false)
 9 FCPATH/index.php(79): CodeIgniter\CodeIgniter->run()
10 SYSTEMPATH/Commands/Server/rewrite.php(47): require_once('/Users/filbertfelim/Filbert Felim/TST-CodeIgniter/public/index.php')
INFO - 2023-12-12 08:43:03 --> Session: Class initialized using 'CodeIgniter\Session\Handlers\FileHandler' driver.
CRITICAL - 2023-12-12 08:43:03 --> Undefined array key "lokasiX"
in APPPATH/Views/home.php on line 24.
 1 APPPATH/Views/home.php(24): CodeIgniter\Debug\Exceptions->errorHandler(2, 'Undefined array key "lokasiX"', '/Users/filbertfelim/Filbert Felim/TST-CodeIgniter/app/Views/home.php', 24)
 2 SYSTEMPATH/View/View.php(228): include('/Users/filbertfelim/Filbert Felim/TST-CodeIgniter/app/Views/home.php')
 3 SYSTEMPATH/View/View.php(231): CodeIgniter\View\View->CodeIgniter\View\{closure}()
 4 SYSTEMPATH/Common.php(1172): CodeIgniter\View\View->render('home', [], true)
 5 APPPATH/Controllers/HomeController.php(23): view('home', [...])
 6 SYSTEMPATH/CodeIgniter.php(942): App\Controllers\HomeController->index()
 7 SYSTEMPATH/CodeIgniter.php(502): CodeIgniter\CodeIgniter->runController(Object(App\Controllers\HomeController))
 8 SYSTEMPATH/CodeIgniter.php(361): CodeIgniter\CodeIgniter->handleRequest(null, Object(Config\Cache), false)
 9 FCPATH/index.php(79): CodeIgniter\CodeIgniter->run()
10 SYSTEMPATH/Commands/Server/rewrite.php(47): require_once('/Users/filbertfelim/Filbert Felim/TST-CodeIgniter/public/index.php')
INFO - 2023-12-12 08:43:10 --> Session: Class initialized using 'CodeIgniter\Session\Handlers\FileHandler' driver.
CRITICAL - 2023-12-12 08:43:11 --> Cannot use object of type stdClass as array
in APPPATH/Views/home.php on line 24.
 1 SYSTEMPATH/View/View.php(228): include()
 2 SYSTEMPATH/View/View.php(231): CodeIgniter\View\View->CodeIgniter\View\{closure}()
 3 SYSTEMPATH/Common.php(1172): CodeIgniter\View\View->render('home', [], true)
 4 APPPATH/Controllers/HomeController.php(23): view('home', [...])
 5 SYSTEMPATH/CodeIgniter.php(942): App\Controllers\HomeController->index()
 6 SYSTEMPATH/CodeIgniter.php(502): CodeIgniter\CodeIgniter->runController(Object(App\Controllers\HomeController))
 7 SYSTEMPATH/CodeIgniter.php(361): CodeIgniter\CodeIgniter->handleRequest(null, Object(Config\Cache), false)
 8 FCPATH/index.php(79): CodeIgniter\CodeIgniter->run()
 9 SYSTEMPATH/Commands/Server/rewrite.php(47): require_once('/Users/filbertfelim/Filbert Felim/TST-CodeIgniter/public/index.php')
INFO - 2023-12-12 08:43:15 --> Session: Class initialized using 'CodeIgniter\Session\Handlers\FileHandler' driver.
CRITICAL - 2023-12-12 08:43:15 --> Cannot use object of type stdClass as array
in APPPATH/Views/home.php on line 24.
 1 SYSTEMPATH/View/View.php(228): include()
 2 SYSTEMPATH/View/View.php(231): CodeIgniter\View\View->CodeIgniter\View\{closure}()
 3 SYSTEMPATH/Common.php(1172): CodeIgniter\View\View->render('home', [], true)
 4 APPPATH/Controllers/HomeController.php(23): view('home', [...])
 5 SYSTEMPATH/CodeIgniter.php(942): App\Controllers\HomeController->index()
 6 SYSTEMPATH/CodeIgniter.php(502): CodeIgniter\CodeIgniter->runController(Object(App\Controllers\HomeController))
 7 SYSTEMPATH/CodeIgniter.php(361): CodeIgniter\CodeIgniter->handleRequest(null, Object(Config\Cache), false)
 8 FCPATH/index.php(79): CodeIgniter\CodeIgniter->run()
 9 SYSTEMPATH/Commands/Server/rewrite.php(47): require_once('/Users/filbertfelim/Filbert Felim/TST-CodeIgniter/public/index.php')
INFO - 2023-12-12 08:45:21 --> Session: Class initialized using 'CodeIgniter\Session\Handlers\FileHandler' driver.
CRITICAL - 2023-12-12 08:45:21 --> Cannot use object of type stdClass as array
in APPPATH/Views/home.php on line 24.
 1 SYSTEMPATH/View/View.php(228): include()
 2 SYSTEMPATH/View/View.php(231): CodeIgniter\View\View->CodeIgniter\View\{closure}()
 3 SYSTEMPATH/Common.php(1172): CodeIgniter\View\View->render('home', [], true)
 4 APPPATH/Controllers/HomeController.php(23): view('home', [...])
 5 SYSTEMPATH/CodeIgniter.php(942): App\Controllers\HomeController->index()
 6 SYSTEMPATH/CodeIgniter.php(502): CodeIgniter\CodeIgniter->runController(Object(App\Controllers\HomeController))
 7 SYSTEMPATH/CodeIgniter.php(361): CodeIgniter\CodeIgniter->handleRequest(null, Object(Config\Cache), false)
 8 FCPATH/index.php(79): CodeIgniter\CodeIgniter->run()
 9 SYSTEMPATH/Commands/Server/rewrite.php(47): require_once('/Users/filbertfelim/Filbert Felim/TST-CodeIgniter/public/index.php')
INFO - 2023-12-12 08:45:44 --> Session: Class initialized using 'CodeIgniter\Session\Handlers\FileHandler' driver.
INFO - 2023-12-12 08:50:16 --> Session: Class initialized using 'CodeIgniter\Session\Handlers\FileHandler' driver.
INFO - 2023-12-12 08:50:23 --> Session: Class initialized using 'CodeIgniter\Session\Handlers\FileHandler' driver.
INFO - 2023-12-12 08:50:38 --> Session: Class initialized using 'CodeIgniter\Session\Handlers\FileHandler' driver.
INFO - 2023-12-12 08:50:45 --> Session: Class initialized using 'CodeIgniter\Session\Handlers\FileHandler' driver.
INFO - 2023-12-12 08:52:41 --> Session: Class initialized using 'CodeIgniter\Session\Handlers\FileHandler' driver.
INFO - 2023-12-12 09:59:08 --> Session: Class initialized using 'CodeIgniter\Session\Handlers\FileHandler' driver.
CRITICAL - 2023-12-12 09:59:08 --> Undefined array key "nama"
in APPPATH/Views/home.php on line 25.
 1 APPPATH/Views/home.php(25): CodeIgniter\Debug\Exceptions->errorHandler(2, 'Undefined array key "nama"', '/Users/filbertfelim/Filbert Felim/TST-CodeIgniter/app/Views/home.php', 25)
 2 SYSTEMPATH/View/View.php(228): include('/Users/filbertfelim/Filbert Felim/TST-CodeIgniter/app/Views/home.php')
 3 SYSTEMPATH/View/View.php(231): CodeIgniter\View\View->CodeIgniter\View\{closure}()
 4 SYSTEMPATH/Common.php(1172): CodeIgniter\View\View->render('home', [], true)
 5 APPPATH/Controllers/HomeController.php(23): view('home', [...])
 6 SYSTEMPATH/CodeIgniter.php(942): App\Controllers\HomeController->index()
 7 SYSTEMPATH/CodeIgniter.php(502): CodeIgniter\CodeIgniter->runController(Object(App\Controllers\HomeController))
 8 SYSTEMPATH/CodeIgniter.php(361): CodeIgniter\CodeIgniter->handleRequest(null, Object(Config\Cache), false)
 9 FCPATH/index.php(79): CodeIgniter\CodeIgniter->run()
10 SYSTEMPATH/Commands/Server/rewrite.php(47): require_once('/Users/filbertfelim/Filbert Felim/TST-CodeIgniter/public/index.php')
INFO - 2023-12-12 09:59:22 --> Session: Class initialized using 'CodeIgniter\Session\Handlers\FileHandler' driver.
INFO - 2023-12-12 10:02:32 --> Session: Class initialized using 'CodeIgniter\Session\Handlers\FileHandler' driver.
INFO - 2023-12-12 10:02:58 --> Session: Class initialized using 'CodeIgniter\Session\Handlers\FileHandler' driver.
INFO - 2023-12-12 10:03:32 --> Session: Class initialized using 'CodeIgniter\Session\Handlers\FileHandler' driver.
INFO - 2023-12-12 10:03:36 --> Session: Class initialized using 'CodeIgniter\Session\Handlers\FileHandler' driver.
INFO - 2023-12-12 10:03:48 --> Session: Class initialized using 'CodeIgniter\Session\Handlers\FileHandler' driver.
INFO - 2023-12-12 10:03:57 --> Session: Class initialized using 'CodeIgniter\Session\Handlers\FileHandler' driver.
INFO - 2023-12-12 10:04:07 --> Session: Class initialized using 'CodeIgniter\Session\Handlers\FileHandler' driver.
INFO - 2023-12-12 10:04:35 --> Session: Class initialized using 'CodeIgniter\Session\Handlers\FileHandler' driver.
INFO - 2023-12-12 10:04:49 --> Session: Class initialized using 'CodeIgniter\Session\Handlers\FileHandler' driver.
INFO - 2023-12-12 10:04:53 --> Session: Class initialized using 'CodeIgniter\Session\Handlers\FileHandler' driver.
INFO - 2023-12-12 10:05:56 --> Session: Class initialized using 'CodeIgniter\Session\Handlers\FileHandler' driver.
INFO - 2023-12-12 10:06:08 --> Session: Class initialized using 'CodeIgniter\Session\Handlers\FileHandler' driver.
INFO - 2023-12-12 10:06:19 --> Session: Class initialized using 'CodeIgniter\Session\Handlers\FileHandler' driver.
INFO - 2023-12-12 10:06:25 --> Session: Class initialized using 'CodeIgniter\Session\Handlers\FileHandler' driver.
INFO - 2023-12-12 10:10:54 --> Session: Class initialized using 'CodeIgniter\Session\Handlers\FileHandler' driver.
INFO - 2023-12-12 10:10:54 --> Session: Class initialized using 'CodeIgniter\Session\Handlers\FileHandler' driver.
INFO - 2023-12-12 10:12:26 --> Session: Class initialized using 'CodeIgniter\Session\Handlers\FileHandler' driver.
INFO - 2023-12-12 10:12:47 --> Session: Class initialized using 'CodeIgniter\Session\Handlers\FileHandler' driver.
INFO - 2023-12-12 10:12:52 --> Session: Class initialized using 'CodeIgniter\Session\Handlers\FileHandler' driver.
INFO - 2023-12-12 10:12:53 --> Session: Class initialized using 'CodeIgniter\Session\Handlers\FileHandler' driver.
INFO - 2023-12-12 10:13:04 --> Session: Class initialized using 'CodeIgniter\Session\Handlers\FileHandler' driver.
INFO - 2023-12-12 10:13:48 --> Session: Class initialized using 'CodeIgniter\Session\Handlers\FileHandler' driver.
INFO - 2023-12-12 10:15:39 --> Session: Class initialized using 'CodeIgniter\Session\Handlers\FileHandler' driver.
INFO - 2023-12-12 10:15:59 --> Session: Class initialized using 'CodeIgniter\Session\Handlers\FileHandler' driver.
CRITICAL - 2023-12-12 10:15:59 --> 22 : The requested URL returned error: 404
in SYSTEMPATH/HTTP/CURLRequest.php on line 693.
 1 SYSTEMPATH/HTTP/CURLRequest.php(693): CodeIgniter\HTTP\Exceptions\HTTPException::forCurlError('22', 'The requested URL returned error: 404')
 2 SYSTEMPATH/HTTP/CURLRequest.php(387): CodeIgniter\HTTP\CURLRequest->sendRequest([...])
 3 SYSTEMPATH/HTTP/CURLRequest.php(145): CodeIgniter\HTTP\CURLRequest->send('get', 'http://localhost:8081/restoranAPI/')
 4 APPPATH/Controllers/HomeController.php(14): CodeIgniter\HTTP\CURLRequest->request('get', 'http://localhost:8081/restoranAPI/', [...])
 5 SYSTEMPATH/CodeIgniter.php(942): App\Controllers\HomeController->index()
 6 SYSTEMPATH/CodeIgniter.php(502): CodeIgniter\CodeIgniter->runController(Object(App\Controllers\HomeController))
 7 SYSTEMPATH/CodeIgniter.php(361): CodeIgniter\CodeIgniter->handleRequest(null, Object(Config\Cache), false)
 8 FCPATH/index.php(79): CodeIgniter\CodeIgniter->run()
 9 SYSTEMPATH/Commands/Server/rewrite.php(47): require_once('/Users/filbertfelim/Filbert Felim/TST-CodeIgniter/public/index.php')
INFO - 2023-12-12 10:16:01 --> Session: Class initialized using 'CodeIgniter\Session\Handlers\FileHandler' driver.
CRITICAL - 2023-12-12 10:16:01 --> 22 : The requested URL returned error: 404
in SYSTEMPATH/HTTP/CURLRequest.php on line 693.
 1 SYSTEMPATH/HTTP/CURLRequest.php(693): CodeIgniter\HTTP\Exceptions\HTTPException::forCurlError('22', 'The requested URL returned error: 404')
 2 SYSTEMPATH/HTTP/CURLRequest.php(387): CodeIgniter\HTTP\CURLRequest->sendRequest([...])
 3 SYSTEMPATH/HTTP/CURLRequest.php(145): CodeIgniter\HTTP\CURLRequest->send('get', 'http://localhost:8081/restoranAPI/')
 4 APPPATH/Controllers/HomeController.php(14): CodeIgniter\HTTP\CURLRequest->request('get', 'http://localhost:8081/restoranAPI/', [...])
 5 SYSTEMPATH/CodeIgniter.php(942): App\Controllers\HomeController->index()
 6 SYSTEMPATH/CodeIgniter.php(502): CodeIgniter\CodeIgniter->runController(Object(App\Controllers\HomeController))
 7 SYSTEMPATH/CodeIgniter.php(361): CodeIgniter\CodeIgniter->handleRequest(null, Object(Config\Cache), false)
 8 FCPATH/index.php(79): CodeIgniter\CodeIgniter->run()
 9 SYSTEMPATH/Commands/Server/rewrite.php(47): require_once('/Users/filbertfelim/Filbert Felim/TST-CodeIgniter/public/index.php')
INFO - 2023-12-12 10:19:04 --> Session: Class initialized using 'CodeIgniter\Session\Handlers\FileHandler' driver.
INFO - 2023-12-12 10:19:07 --> Session: Class initialized using 'CodeIgniter\Session\Handlers\FileHandler' driver.
INFO - 2023-12-12 10:19:51 --> Session: Class initialized using 'CodeIgniter\Session\Handlers\FileHandler' driver.
INFO - 2023-12-12 10:20:12 --> Session: Class initialized using 'CodeIgniter\Session\Handlers\FileHandler' driver.
INFO - 2023-12-12 10:20:43 --> Session: Class initialized using 'CodeIgniter\Session\Handlers\FileHandler' driver.
INFO - 2023-12-12 10:21:04 --> Session: Class initialized using 'CodeIgniter\Session\Handlers\FileHandler' driver.
INFO - 2023-12-12 10:21:27 --> Session: Class initialized using 'CodeIgniter\Session\Handlers\FileHandler' driver.
INFO - 2023-12-12 10:29:08 --> Session: Class initialized using 'CodeIgniter\Session\Handlers\FileHandler' driver.
INFO - 2023-12-12 10:29:11 --> Session: Class initialized using 'CodeIgniter\Session\Handlers\FileHandler' driver.
INFO - 2023-12-12 10:53:59 --> Session: Class initialized using 'CodeIgniter\Session\Handlers\FileHandler' driver.
INFO - 2023-12-12 10:54:24 --> Session: Class initialized using 'CodeIgniter\Session\Handlers\FileHandler' driver.
INFO - 2023-12-12 10:54:32 --> Session: Class initialized using 'CodeIgniter\Session\Handlers\FileHandler' driver.
INFO - 2023-12-12 10:54:39 --> Session: Class initialized using 'CodeIgniter\Session\Handlers\FileHandler' driver.
INFO - 2023-12-12 10:54:45 --> Session: Class initialized using 'CodeIgniter\Session\Handlers\FileHandler' driver.
INFO - 2023-12-12 10:54:49 --> Session: Class initialized using 'CodeIgniter\Session\Handlers\FileHandler' driver.
INFO - 2023-12-12 10:55:02 --> Session: Class initialized using 'CodeIgniter\Session\Handlers\FileHandler' driver.
INFO - 2023-12-12 10:55:58 --> Session: Class initialized using 'CodeIgniter\Session\Handlers\FileHandler' driver.
INFO - 2023-12-12 10:56:13 --> Session: Class initialized using 'CodeIgniter\Session\Handlers\FileHandler' driver.
INFO - 2023-12-12 10:56:20 --> Session: Class initialized using 'CodeIgniter\Session\Handlers\FileHandler' driver.
INFO - 2023-12-12 10:56:33 --> Session: Class initialized using 'CodeIgniter\Session\Handlers\FileHandler' driver.
INFO - 2023-12-12 10:56:44 --> Session: Class initialized using 'CodeIgniter\Session\Handlers\FileHandler' driver.
INFO - 2023-12-12 10:56:55 --> Session: Class initialized using 'CodeIgniter\Session\Handlers\FileHandler' driver.
INFO - 2023-12-12 10:58:18 --> Session: Class initialized using 'CodeIgniter\Session\Handlers\FileHandler' driver.
INFO - 2023-12-12 10:58:20 --> Session: Class initialized using 'CodeIgniter\Session\Handlers\FileHandler' driver.
INFO - 2023-12-12 10:58:23 --> Session: Class initialized using 'CodeIgniter\Session\Handlers\FileHandler' driver.
INFO - 2023-12-12 10:59:33 --> Session: Class initialized using 'CodeIgniter\Session\Handlers\FileHandler' driver.
INFO - 2023-12-12 10:59:43 --> Session: Class initialized using 'CodeIgniter\Session\Handlers\FileHandler' driver.
INFO - 2023-12-12 10:59:44 --> Session: Class initialized using 'CodeIgniter\Session\Handlers\FileHandler' driver.
INFO - 2023-12-12 10:59:51 --> Session: Class initialized using 'CodeIgniter\Session\Handlers\FileHandler' driver.
INFO - 2023-12-12 11:00:45 --> Session: Class initialized using 'CodeIgniter\Session\Handlers\FileHandler' driver.
INFO - 2023-12-12 11:00:46 --> Session: Class initialized using 'CodeIgniter\Session\Handlers\FileHandler' driver.
INFO - 2023-12-12 11:00:47 --> Session: Class initialized using 'CodeIgniter\Session\Handlers\FileHandler' driver.
INFO - 2023-12-12 11:00:47 --> Session: Class initialized using 'CodeIgniter\Session\Handlers\FileHandler' driver.
INFO - 2023-12-12 11:06:54 --> Session: Class initialized using 'CodeIgniter\Session\Handlers\FileHandler' driver.
INFO - 2023-12-12 11:07:01 --> Session: Class initialized using 'CodeIgniter\Session\Handlers\FileHandler' driver.
INFO - 2023-12-12 11:07:01 --> Session: Class initialized using 'CodeIgniter\Session\Handlers\FileHandler' driver.
INFO - 2023-12-12 11:07:05 --> Session: Class initialized using 'CodeIgniter\Session\Handlers\FileHandler' driver.
INFO - 2023-12-12 11:07:06 --> Session: Class initialized using 'CodeIgniter\Session\Handlers\FileHandler' driver.
INFO - 2023-12-12 11:07:08 --> Session: Class initialized using 'CodeIgniter\Session\Handlers\FileHandler' driver.
INFO - 2023-12-12 11:07:08 --> Session: Class initialized using 'CodeIgniter\Session\Handlers\FileHandler' driver.
INFO - 2023-12-12 11:07:08 --> Session: Class initialized using 'CodeIgniter\Session\Handlers\FileHandler' driver.
INFO - 2023-12-12 11:07:25 --> Session: Class initialized using 'CodeIgniter\Session\Handlers\FileHandler' driver.
INFO - 2023-12-12 11:07:27 --> Session: Class initialized using 'CodeIgniter\Session\Handlers\FileHandler' driver.
INFO - 2023-12-12 11:07:30 --> Session: Class initialized using 'CodeIgniter\Session\Handlers\FileHandler' driver.
INFO - 2023-12-12 11:07:32 --> Session: Class initialized using 'CodeIgniter\Session\Handlers\FileHandler' driver.
INFO - 2023-12-12 11:10:11 --> Session: Class initialized using 'CodeIgniter\Session\Handlers\FileHandler' driver.
INFO - 2023-12-12 11:10:16 --> Session: Class initialized using 'CodeIgniter\Session\Handlers\FileHandler' driver.
INFO - 2023-12-12 11:10:19 --> Session: Class initialized using 'CodeIgniter\Session\Handlers\FileHandler' driver.
INFO - 2023-12-12 11:10:21 --> Session: Class initialized using 'CodeIgniter\Session\Handlers\FileHandler' driver.
INFO - 2023-12-12 11:11:05 --> Session: Class initialized using 'CodeIgniter\Session\Handlers\FileHandler' driver.
INFO - 2023-12-12 11:11:05 --> Session: Class initialized using 'CodeIgniter\Session\Handlers\FileHandler' driver.
INFO - 2023-12-12 11:11:07 --> Session: Class initialized using 'CodeIgniter\Session\Handlers\FileHandler' driver.
INFO - 2023-12-12 13:01:56 --> Session: Class initialized using 'CodeIgniter\Session\Handlers\FileHandler' driver.
INFO - 2023-12-12 13:02:07 --> Session: Class initialized using 'CodeIgniter\Session\Handlers\FileHandler' driver.
INFO - 2023-12-12 13:02:12 --> Session: Class initialized using 'CodeIgniter\Session\Handlers\FileHandler' driver.
INFO - 2023-12-12 13:02:13 --> Session: Class initialized using 'CodeIgniter\Session\Handlers\FileHandler' driver.
INFO - 2023-12-12 13:02:14 --> Session: Class initialized using 'CodeIgniter\Session\Handlers\FileHandler' driver.
INFO - 2023-12-12 13:02:14 --> Session: Class initialized using 'CodeIgniter\Session\Handlers\FileHandler' driver.
INFO - 2023-12-12 13:02:16 --> Session: Class initialized using 'CodeIgniter\Session\Handlers\FileHandler' driver.
INFO - 2023-12-12 13:03:51 --> Session: Class initialized using 'CodeIgniter\Session\Handlers\FileHandler' driver.
INFO - 2023-12-12 13:03:52 --> Session: Class initialized using 'CodeIgniter\Session\Handlers\FileHandler' driver.
INFO - 2023-12-12 13:03:54 --> Session: Class initialized using 'CodeIgniter\Session\Handlers\FileHandler' driver.
INFO - 2023-12-12 13:04:02 --> Session: Class initialized using 'CodeIgniter\Session\Handlers\FileHandler' driver.
INFO - 2023-12-12 13:04:06 --> Session: Class initialized using 'CodeIgniter\Session\Handlers\FileHandler' driver.
INFO - 2023-12-12 13:05:00 --> Session: Class initialized using 'CodeIgniter\Session\Handlers\FileHandler' driver.
INFO - 2023-12-12 13:17:23 --> Session: Class initialized using 'CodeIgniter\Session\Handlers\FileHandler' driver.
INFO - 2023-12-12 13:25:56 --> Session: Class initialized using 'CodeIgniter\Session\Handlers\FileHandler' driver.
INFO - 2023-12-12 13:26:09 --> Session: Class initialized using 'CodeIgniter\Session\Handlers\FileHandler' driver.
INFO - 2023-12-12 13:26:23 --> Session: Class initialized using 'CodeIgniter\Session\Handlers\FileHandler' driver.
INFO - 2023-12-12 13:27:08 --> Session: Class initialized using 'CodeIgniter\Session\Handlers\FileHandler' driver.
INFO - 2023-12-12 13:31:24 --> Session: Class initialized using 'CodeIgniter\Session\Handlers\FileHandler' driver.
INFO - 2023-12-12 13:32:35 --> Session: Class initialized using 'CodeIgniter\Session\Handlers\FileHandler' driver.
INFO - 2023-12-12 13:44:55 --> Session: Class initialized using 'CodeIgniter\Session\Handlers\FileHandler' driver.
INFO - 2023-12-12 13:46:42 --> Session: Class initialized using 'CodeIgniter\Session\Handlers\FileHandler' driver.
INFO - 2023-12-12 13:51:30 --> Session: Class initialized using 'CodeIgniter\Session\Handlers\FileHandler' driver.
INFO - 2023-12-12 13:51:40 --> Session: Class initialized using 'CodeIgniter\Session\Handlers\FileHandler' driver.
INFO - 2023-12-12 13:51:55 --> Session: Class initialized using 'CodeIgniter\Session\Handlers\FileHandler' driver.
INFO - 2023-12-12 13:52:21 --> Session: Class initialized using 'CodeIgniter\Session\Handlers\FileHandler' driver.
INFO - 2023-12-12 13:59:26 --> Session: Class initialized using 'CodeIgniter\Session\Handlers\FileHandler' driver.
INFO - 2023-12-12 14:03:30 --> Session: Class initialized using 'CodeIgniter\Session\Handlers\FileHandler' driver.
INFO - 2023-12-12 14:03:44 --> Session: Class initialized using 'CodeIgniter\Session\Handlers\FileHandler' driver.
INFO - 2023-12-12 14:04:10 --> Session: Class initialized using 'CodeIgniter\Session\Handlers\FileHandler' driver.
INFO - 2023-12-12 14:04:42 --> Session: Class initialized using 'CodeIgniter\Session\Handlers\FileHandler' driver.
INFO - 2023-12-12 14:04:51 --> Session: Class initialized using 'CodeIgniter\Session\Handlers\FileHandler' driver.
INFO - 2023-12-12 14:07:27 --> Session: Class initialized using 'CodeIgniter\Session\Handlers\FileHandler' driver.
INFO - 2023-12-12 14:08:03 --> Session: Class initialized using 'CodeIgniter\Session\Handlers\FileHandler' driver.
INFO - 2023-12-12 14:08:28 --> Session: Class initialized using 'CodeIgniter\Session\Handlers\FileHandler' driver.
INFO - 2023-12-12 14:08:38 --> Session: Class initialized using 'CodeIgniter\Session\Handlers\FileHandler' driver.
INFO - 2023-12-12 14:08:43 --> Session: Class initialized using 'CodeIgniter\Session\Handlers\FileHandler' driver.
INFO - 2023-12-12 14:09:01 --> Session: Class initialized using 'CodeIgniter\Session\Handlers\FileHandler' driver.
INFO - 2023-12-12 14:10:15 --> Session: Class initialized using 'CodeIgniter\Session\Handlers\FileHandler' driver.
INFO - 2023-12-12 14:11:16 --> Session: Class initialized using 'CodeIgniter\Session\Handlers\FileHandler' driver.
INFO - 2023-12-12 14:11:50 --> Session: Class initialized using 'CodeIgniter\Session\Handlers\FileHandler' driver.
INFO - 2023-12-12 14:13:28 --> Session: Class initialized using 'CodeIgniter\Session\Handlers\FileHandler' driver.
INFO - 2023-12-12 14:13:48 --> Session: Class initialized using 'CodeIgniter\Session\Handlers\FileHandler' driver.
INFO - 2023-12-12 14:13:56 --> Session: Class initialized using 'CodeIgniter\Session\Handlers\FileHandler' driver.
INFO - 2023-12-12 14:14:18 --> Session: Class initialized using 'CodeIgniter\Session\Handlers\FileHandler' driver.
INFO - 2023-12-12 14:14:20 --> Session: Class initialized using 'CodeIgniter\Session\Handlers\FileHandler' driver.
INFO - 2023-12-12 14:14:21 --> Session: Class initialized using 'CodeIgniter\Session\Handlers\FileHandler' driver.
INFO - 2023-12-12 14:15:01 --> Session: Class initialized using 'CodeIgniter\Session\Handlers\FileHandler' driver.
INFO - 2023-12-12 14:15:36 --> Session: Class initialized using 'CodeIgniter\Session\Handlers\FileHandler' driver.
INFO - 2023-12-12 14:15:48 --> Session: Class initialized using 'CodeIgniter\Session\Handlers\FileHandler' driver.
INFO - 2023-12-12 14:15:54 --> Session: Class initialized using 'CodeIgniter\Session\Handlers\FileHandler' driver.
INFO - 2023-12-12 14:16:03 --> Session: Class initialized using 'CodeIgniter\Session\Handlers\FileHandler' driver.
INFO - 2023-12-12 14:16:06 --> Session: Class initialized using 'CodeIgniter\Session\Handlers\FileHandler' driver.
INFO - 2023-12-12 14:16:07 --> Session: Class initialized using 'CodeIgniter\Session\Handlers\FileHandler' driver.
INFO - 2023-12-12 14:16:11 --> Session: Class initialized using 'CodeIgniter\Session\Handlers\FileHandler' driver.
INFO - 2023-12-12 14:16:31 --> Session: Class initialized using 'CodeIgniter\Session\Handlers\FileHandler' driver.
INFO - 2023-12-12 14:16:36 --> Session: Class initialized using 'CodeIgniter\Session\Handlers\FileHandler' driver.
INFO - 2023-12-12 14:16:47 --> Session: Class initialized using 'CodeIgniter\Session\Handlers\FileHandler' driver.
INFO - 2023-12-12 14:16:53 --> Session: Class initialized using 'CodeIgniter\Session\Handlers\FileHandler' driver.
INFO - 2023-12-12 14:17:03 --> Session: Class initialized using 'CodeIgniter\Session\Handlers\FileHandler' driver.
INFO - 2023-12-12 14:17:10 --> Session: Class initialized using 'CodeIgniter\Session\Handlers\FileHandler' driver.
INFO - 2023-12-12 14:17:18 --> Session: Class initialized using 'CodeIgniter\Session\Handlers\FileHandler' driver.
INFO - 2023-12-12 14:17:28 --> Session: Class initialized using 'CodeIgniter\Session\Handlers\FileHandler' driver.
INFO - 2023-12-12 14:23:55 --> Session: Class initialized using 'CodeIgniter\Session\Handlers\FileHandler' driver.
INFO - 2023-12-12 14:23:57 --> Session: Class initialized using 'CodeIgniter\Session\Handlers\FileHandler' driver.
INFO - 2023-12-12 14:23:58 --> Session: Class initialized using 'CodeIgniter\Session\Handlers\FileHandler' driver.
INFO - 2023-12-12 14:24:00 --> Session: Class initialized using 'CodeIgniter\Session\Handlers\FileHandler' driver.
INFO - 2023-12-12 14:24:21 --> Session: Class initialized using 'CodeIgniter\Session\Handlers\FileHandler' driver.
INFO - 2023-12-12 14:24:53 --> Session: Class initialized using 'CodeIgniter\Session\Handlers\FileHandler' driver.
INFO - 2023-12-12 14:26:23 --> Session: Class initialized using 'CodeIgniter\Session\Handlers\FileHandler' driver.
INFO - 2023-12-12 14:28:32 --> Session: Class initialized using 'CodeIgniter\Session\Handlers\FileHandler' driver.
INFO - 2023-12-12 14:29:25 --> Session: Class initialized using 'CodeIgniter\Session\Handlers\FileHandler' driver.
INFO - 2023-12-12 14:29:35 --> Session: Class initialized using 'CodeIgniter\Session\Handlers\FileHandler' driver.
INFO - 2023-12-12 14:30:33 --> Session: Class initialized using 'CodeIgniter\Session\Handlers\FileHandler' driver.
INFO - 2023-12-12 14:30:37 --> Session: Class initialized using 'CodeIgniter\Session\Handlers\FileHandler' driver.
INFO - 2023-12-12 14:30:47 --> Session: Class initialized using 'CodeIgniter\Session\Handlers\FileHandler' driver.
INFO - 2023-12-12 14:30:52 --> Session: Class initialized using 'CodeIgniter\Session\Handlers\FileHandler' driver.
INFO - 2023-12-12 14:31:08 --> Session: Class initialized using 'CodeIgniter\Session\Handlers\FileHandler' driver.
INFO - 2023-12-12 14:31:37 --> Session: Class initialized using 'CodeIgniter\Session\Handlers\FileHandler' driver.
INFO - 2023-12-12 14:52:01 --> Session: Class initialized using 'CodeIgniter\Session\Handlers\FileHandler' driver.
INFO - 2023-12-12 14:57:16 --> Session: Class initialized using 'CodeIgniter\Session\Handlers\FileHandler' driver.
INFO - 2023-12-12 14:57:22 --> Session: Class initialized using 'CodeIgniter\Session\Handlers\FileHandler' driver.
INFO - 2023-12-12 14:58:06 --> Session: Class initialized using 'CodeIgniter\Session\Handlers\FileHandler' driver.
INFO - 2023-12-12 14:59:27 --> Session: Class initialized using 'CodeIgniter\Session\Handlers\FileHandler' driver.
INFO - 2023-12-12 15:04:35 --> Session: Class initialized using 'CodeIgniter\Session\Handlers\FileHandler' driver.
INFO - 2023-12-12 15:04:57 --> Session: Class initialized using 'CodeIgniter\Session\Handlers\FileHandler' driver.
INFO - 2023-12-12 15:07:33 --> Session: Class initialized using 'CodeIgniter\Session\Handlers\FileHandler' driver.
INFO - 2023-12-12 15:09:45 --> Session: Class initialized using 'CodeIgniter\Session\Handlers\FileHandler' driver.
INFO - 2023-12-12 15:10:36 --> Session: Class initialized using 'CodeIgniter\Session\Handlers\FileHandler' driver.
INFO - 2023-12-12 15:11:43 --> Session: Class initialized using 'CodeIgniter\Session\Handlers\FileHandler' driver.
INFO - 2023-12-12 15:11:53 --> Session: Class initialized using 'CodeIgniter\Session\Handlers\FileHandler' driver.
INFO - 2023-12-12 15:16:20 --> Session: Class initialized using 'CodeIgniter\Session\Handlers\FileHandler' driver.
INFO - 2023-12-12 15:17:26 --> Session: Class initialized using 'CodeIgniter\Session\Handlers\FileHandler' driver.
INFO - 2023-12-12 15:17:44 --> Session: Class initialized using 'CodeIgniter\Session\Handlers\FileHandler' driver.
INFO - 2023-12-12 15:19:11 --> Session: Class initialized using 'CodeIgniter\Session\Handlers\FileHandler' driver.
INFO - 2023-12-12 15:20:17 --> Session: Class initialized using 'CodeIgniter\Session\Handlers\FileHandler' driver.
INFO - 2023-12-12 15:20:38 --> Session: Class initialized using 'CodeIgniter\Session\Handlers\FileHandler' driver.
INFO - 2023-12-12 15:20:49 --> Session: Class initialized using 'CodeIgniter\Session\Handlers\FileHandler' driver.
INFO - 2023-12-12 15:21:20 --> Session: Class initialized using 'CodeIgniter\Session\Handlers\FileHandler' driver.
INFO - 2023-12-12 15:22:35 --> Session: Class initialized using 'CodeIgniter\Session\Handlers\FileHandler' driver.
INFO - 2023-12-12 15:23:12 --> Session: Class initialized using 'CodeIgniter\Session\Handlers\FileHandler' driver.
INFO - 2023-12-12 15:25:50 --> Session: Class initialized using 'CodeIgniter\Session\Handlers\FileHandler' driver.
INFO - 2023-12-12 15:26:53 --> Session: Class initialized using 'CodeIgniter\Session\Handlers\FileHandler' driver.
INFO - 2023-12-12 15:26:55 --> Session: Class initialized using 'CodeIgniter\Session\Handlers\FileHandler' driver.
INFO - 2023-12-12 15:27:38 --> Session: Class initialized using 'CodeIgniter\Session\Handlers\FileHandler' driver.
INFO - 2023-12-12 15:28:05 --> Session: Class initialized using 'CodeIgniter\Session\Handlers\FileHandler' driver.
INFO - 2023-12-12 15:28:41 --> Session: Class initialized using 'CodeIgniter\Session\Handlers\FileHandler' driver.
INFO - 2023-12-12 15:40:57 --> Session: Class initialized using 'CodeIgniter\Session\Handlers\FileHandler' driver.
INFO - 2023-12-12 15:42:34 --> Session: Class initialized using 'CodeIgniter\Session\Handlers\FileHandler' driver.
INFO - 2023-12-12 15:44:23 --> Session: Class initialized using 'CodeIgniter\Session\Handlers\FileHandler' driver.
INFO - 2023-12-12 15:46:25 --> Session: Class initialized using 'CodeIgniter\Session\Handlers\FileHandler' driver.
INFO - 2023-12-12 15:46:28 --> Session: Class initialized using 'CodeIgniter\Session\Handlers\FileHandler' driver.
INFO - 2023-12-12 15:46:30 --> Session: Class initialized using 'CodeIgniter\Session\Handlers\FileHandler' driver.
INFO - 2023-12-12 15:46:32 --> Session: Class initialized using 'CodeIgniter\Session\Handlers\FileHandler' driver.
INFO - 2023-12-12 15:46:33 --> Session: Class initialized using 'CodeIgniter\Session\Handlers\FileHandler' driver.
INFO - 2023-12-12 15:46:39 --> Session: Class initialized using 'CodeIgniter\Session\Handlers\FileHandler' driver.
INFO - 2023-12-12 15:49:12 --> Session: Class initialized using 'CodeIgniter\Session\Handlers\FileHandler' driver.
INFO - 2023-12-12 15:53:19 --> Session: Class initialized using 'CodeIgniter\Session\Handlers\FileHandler' driver.
INFO - 2023-12-12 16:00:50 --> Session: Class initialized using 'CodeIgniter\Session\Handlers\FileHandler' driver.
INFO - 2023-12-12 16:00:50 --> Session: Class initialized using 'CodeIgniter\Session\Handlers\FileHandler' driver.
INFO - 2023-12-12 16:00:54 --> Session: Class initialized using 'CodeIgniter\Session\Handlers\FileHandler' driver.
INFO - 2023-12-12 16:00:55 --> Session: Class initialized using 'CodeIgniter\Session\Handlers\FileHandler' driver.
INFO - 2023-12-12 16:01:02 --> Session: Class initialized using 'CodeIgniter\Session\Handlers\FileHandler' driver.
INFO - 2023-12-12 16:01:02 --> Session: Class initialized using 'CodeIgniter\Session\Handlers\FileHandler' driver.
INFO - 2023-12-12 16:01:07 --> Session: Class initialized using 'CodeIgniter\Session\Handlers\FileHandler' driver.
INFO - 2023-12-12 16:01:07 --> Session: Class initialized using 'CodeIgniter\Session\Handlers\FileHandler' driver.
