ERROR - 2023-12-16 02:34:32 --> mysqli_sql_exception: Unknown column 'Pemesanan.status' in 'field list' in /Users/filbertfelim/Filbert Felim/TST-CodeIgniter/system/Database/MySQLi/Connection.php:306
Stack trace:
#0 /Users/filbertfelim/Filbert Felim/TST-CodeIgniter/system/Database/MySQLi/Connection.php(306): mysqli->query('SELECT `Pemesan...', 0)
#1 /Users/filbertfelim/Filbert Felim/TST-CodeIgniter/system/Database/BaseConnection.php(693): CodeIgniter\Database\MySQLi\Connection->execute('SELECT `Pemesan...')
#2 /Users/filbertfelim/Filbert Felim/TST-CodeIgniter/system/Database/BaseConnection.php(607): CodeIgniter\Database\BaseConnection->simpleQuery('SELECT `Pemesan...')
#3 /Users/filbertfelim/Filbert Felim/TST-CodeIgniter/system/Database/BaseBuilder.php(1612): CodeIgniter\Database\BaseConnection->query('SELECT `Pemesan...', Array, false)
#4 /Users/filbertfelim/Filbert Felim/TST-CodeIgniter/app/Models/Pemesanan.php(29): CodeIgniter\Database\BaseBuilder->get()
#5 /Users/filbertfelim/Filbert Felim/TST-CodeIgniter/app/Controllers/PemesananController.php(14): App\Models\Pemesanan->getDataPemesananRestoran('1')
#6 /Users/filbertfelim/Filbert Felim/TST-CodeIgniter/system/CodeIgniter.php(942): App\Controllers\PemesananController->index('1')
#7 /Users/filbertfelim/Filbert Felim/TST-CodeIgniter/system/CodeIgniter.php(502): CodeIgniter\CodeIgniter->runController(Object(App\Controllers\PemesananController))
#8 /Users/filbertfelim/Filbert Felim/TST-CodeIgniter/system/CodeIgniter.php(361): CodeIgniter\CodeIgniter->handleRequest(NULL, Object(Config\Cache), false)
#9 /Users/filbertfelim/Filbert Felim/TST-CodeIgniter/public/index.php(79): CodeIgniter\CodeIgniter->run()
#10 /Users/filbertfelim/Filbert Felim/TST-CodeIgniter/system/Commands/Server/rewrite.php(47): require_once('/Users/filbertf...')
#11 {main}
CRITICAL - 2023-12-16 02:34:32 --> Unknown column 'Pemesanan.status' in 'field list'
in SYSTEMPATH/Database/BaseConnection.php on line 647.
 1 SYSTEMPATH/Database/BaseBuilder.php(1612): CodeIgniter\Database\BaseConnection->query('SELECT `Pemesanan`.`id`, `Pemesanan`.`tanggalPemesanan` as `orderDate`, `Pemesanan`.`status`, sum(DetailPemesanan.harga * DetailPemesanan.jumlah) as totalHarga
FROM `Pemesanan`
JOIN `DetailPemesanan` ON `Pemesanan`.`id` = `DetailPemesanan`.`orderId`
WHERE `Pemesanan`.`restoranId` = :Pemesanan.restoranId:
GROUP BY `Pemesanan`.`id`
ORDER BY `Pemesanan`.`tanggalPemesanan` DESC, `Pemesanan`.`status` DESC', [...], false)
 2 APPPATH/Models/Pemesanan.php(29): CodeIgniter\Database\BaseBuilder->get()
 3 APPPATH/Controllers/PemesananController.php(14): App\Models\Pemesanan->getDataPemesananRestoran('1')
 4 SYSTEMPATH/CodeIgniter.php(942): App\Controllers\PemesananController->index('1')
 5 SYSTEMPATH/CodeIgniter.php(502): CodeIgniter\CodeIgniter->runController(Object(App\Controllers\PemesananController))
 6 SYSTEMPATH/CodeIgniter.php(361): CodeIgniter\CodeIgniter->handleRequest(null, Object(Config\Cache), false)
 7 FCPATH/index.php(79): CodeIgniter\CodeIgniter->run()
 8 SYSTEMPATH/Commands/Server/rewrite.php(47): require_once('/Users/filbertfelim/Filbert Felim/TST-CodeIgniter/public/index.php')
ERROR - 2023-12-16 02:34:33 --> mysqli_sql_exception: Unknown column 'Pemesanan.status' in 'field list' in /Users/filbertfelim/Filbert Felim/TST-CodeIgniter/system/Database/MySQLi/Connection.php:306
Stack trace:
#0 /Users/filbertfelim/Filbert Felim/TST-CodeIgniter/system/Database/MySQLi/Connection.php(306): mysqli->query('SELECT `Pemesan...', 0)
#1 /Users/filbertfelim/Filbert Felim/TST-CodeIgniter/system/Database/BaseConnection.php(693): CodeIgniter\Database\MySQLi\Connection->execute('SELECT `Pemesan...')
#2 /Users/filbertfelim/Filbert Felim/TST-CodeIgniter/system/Database/BaseConnection.php(607): CodeIgniter\Database\BaseConnection->simpleQuery('SELECT `Pemesan...')
#3 /Users/filbertfelim/Filbert Felim/TST-CodeIgniter/system/Database/BaseBuilder.php(1612): CodeIgniter\Database\BaseConnection->query('SELECT `Pemesan...', Array, false)
#4 /Users/filbertfelim/Filbert Felim/TST-CodeIgniter/app/Models/Pemesanan.php(29): CodeIgniter\Database\BaseBuilder->get()
#5 /Users/filbertfelim/Filbert Felim/TST-CodeIgniter/app/Controllers/PemesananController.php(14): App\Models\Pemesanan->getDataPemesananRestoran('1')
#6 /Users/filbertfelim/Filbert Felim/TST-CodeIgniter/system/CodeIgniter.php(942): App\Controllers\PemesananController->index('1')
#7 /Users/filbertfelim/Filbert Felim/TST-CodeIgniter/system/CodeIgniter.php(502): CodeIgniter\CodeIgniter->runController(Object(App\Controllers\PemesananController))
#8 /Users/filbertfelim/Filbert Felim/TST-CodeIgniter/system/CodeIgniter.php(361): CodeIgniter\CodeIgniter->handleRequest(NULL, Object(Config\Cache), false)
#9 /Users/filbertfelim/Filbert Felim/TST-CodeIgniter/public/index.php(79): CodeIgniter\CodeIgniter->run()
#10 /Users/filbertfelim/Filbert Felim/TST-CodeIgniter/system/Commands/Server/rewrite.php(47): require_once('/Users/filbertf...')
#11 {main}
CRITICAL - 2023-12-16 02:34:33 --> Unknown column 'Pemesanan.status' in 'field list'
in SYSTEMPATH/Database/BaseConnection.php on line 647.
 1 SYSTEMPATH/Database/BaseBuilder.php(1612): CodeIgniter\Database\BaseConnection->query('SELECT `Pemesanan`.`id`, `Pemesanan`.`tanggalPemesanan` as `orderDate`, `Pemesanan`.`status`, sum(DetailPemesanan.harga * DetailPemesanan.jumlah) as totalHarga
FROM `Pemesanan`
JOIN `DetailPemesanan` ON `Pemesanan`.`id` = `DetailPemesanan`.`orderId`
WHERE `Pemesanan`.`restoranId` = :Pemesanan.restoranId:
GROUP BY `Pemesanan`.`id`
ORDER BY `Pemesanan`.`tanggalPemesanan` DESC, `Pemesanan`.`status` DESC', [...], false)
 2 APPPATH/Models/Pemesanan.php(29): CodeIgniter\Database\BaseBuilder->get()
 3 APPPATH/Controllers/PemesananController.php(14): App\Models\Pemesanan->getDataPemesananRestoran('1')
 4 SYSTEMPATH/CodeIgniter.php(942): App\Controllers\PemesananController->index('1')
 5 SYSTEMPATH/CodeIgniter.php(502): CodeIgniter\CodeIgniter->runController(Object(App\Controllers\PemesananController))
 6 SYSTEMPATH/CodeIgniter.php(361): CodeIgniter\CodeIgniter->handleRequest(null, Object(Config\Cache), false)
 7 FCPATH/index.php(79): CodeIgniter\CodeIgniter->run()
 8 SYSTEMPATH/Commands/Server/rewrite.php(47): require_once('/Users/filbertfelim/Filbert Felim/TST-CodeIgniter/public/index.php')
ERROR - 2023-12-16 02:34:33 --> mysqli_sql_exception: Unknown column 'Pemesanan.status' in 'field list' in /Users/filbertfelim/Filbert Felim/TST-CodeIgniter/system/Database/MySQLi/Connection.php:306
Stack trace:
#0 /Users/filbertfelim/Filbert Felim/TST-CodeIgniter/system/Database/MySQLi/Connection.php(306): mysqli->query('SELECT `Pemesan...', 0)
#1 /Users/filbertfelim/Filbert Felim/TST-CodeIgniter/system/Database/BaseConnection.php(693): CodeIgniter\Database\MySQLi\Connection->execute('SELECT `Pemesan...')
#2 /Users/filbertfelim/Filbert Felim/TST-CodeIgniter/system/Database/BaseConnection.php(607): CodeIgniter\Database\BaseConnection->simpleQuery('SELECT `Pemesan...')
#3 /Users/filbertfelim/Filbert Felim/TST-CodeIgniter/system/Database/BaseBuilder.php(1612): CodeIgniter\Database\BaseConnection->query('SELECT `Pemesan...', Array, false)
#4 /Users/filbertfelim/Filbert Felim/TST-CodeIgniter/app/Models/Pemesanan.php(29): CodeIgniter\Database\BaseBuilder->get()
#5 /Users/filbertfelim/Filbert Felim/TST-CodeIgniter/app/Controllers/PemesananController.php(14): App\Models\Pemesanan->getDataPemesananRestoran('1')
#6 /Users/filbertfelim/Filbert Felim/TST-CodeIgniter/system/CodeIgniter.php(942): App\Controllers\PemesananController->index('1')
#7 /Users/filbertfelim/Filbert Felim/TST-CodeIgniter/system/CodeIgniter.php(502): CodeIgniter\CodeIgniter->runController(Object(App\Controllers\PemesananController))
#8 /Users/filbertfelim/Filbert Felim/TST-CodeIgniter/system/CodeIgniter.php(361): CodeIgniter\CodeIgniter->handleRequest(NULL, Object(Config\Cache), false)
#9 /Users/filbertfelim/Filbert Felim/TST-CodeIgniter/public/index.php(79): CodeIgniter\CodeIgniter->run()
#10 /Users/filbertfelim/Filbert Felim/TST-CodeIgniter/system/Commands/Server/rewrite.php(47): require_once('/Users/filbertf...')
#11 {main}
CRITICAL - 2023-12-16 02:34:33 --> Unknown column 'Pemesanan.status' in 'field list'
in SYSTEMPATH/Database/BaseConnection.php on line 647.
 1 SYSTEMPATH/Database/BaseBuilder.php(1612): CodeIgniter\Database\BaseConnection->query('SELECT `Pemesanan`.`id`, `Pemesanan`.`tanggalPemesanan` as `orderDate`, `Pemesanan`.`status`, sum(DetailPemesanan.harga * DetailPemesanan.jumlah) as totalHarga
FROM `Pemesanan`
JOIN `DetailPemesanan` ON `Pemesanan`.`id` = `DetailPemesanan`.`orderId`
WHERE `Pemesanan`.`restoranId` = :Pemesanan.restoranId:
GROUP BY `Pemesanan`.`id`
ORDER BY `Pemesanan`.`tanggalPemesanan` DESC, `Pemesanan`.`status` DESC', [...], false)
 2 APPPATH/Models/Pemesanan.php(29): CodeIgniter\Database\BaseBuilder->get()
 3 APPPATH/Controllers/PemesananController.php(14): App\Models\Pemesanan->getDataPemesananRestoran('1')
 4 SYSTEMPATH/CodeIgniter.php(942): App\Controllers\PemesananController->index('1')
 5 SYSTEMPATH/CodeIgniter.php(502): CodeIgniter\CodeIgniter->runController(Object(App\Controllers\PemesananController))
 6 SYSTEMPATH/CodeIgniter.php(361): CodeIgniter\CodeIgniter->handleRequest(null, Object(Config\Cache), false)
 7 FCPATH/index.php(79): CodeIgniter\CodeIgniter->run()
 8 SYSTEMPATH/Commands/Server/rewrite.php(47): require_once('/Users/filbertfelim/Filbert Felim/TST-CodeIgniter/public/index.php')
ERROR - 2023-12-16 02:34:33 --> mysqli_sql_exception: Unknown column 'Pemesanan.status' in 'field list' in /Users/filbertfelim/Filbert Felim/TST-CodeIgniter/system/Database/MySQLi/Connection.php:306
Stack trace:
#0 /Users/filbertfelim/Filbert Felim/TST-CodeIgniter/system/Database/MySQLi/Connection.php(306): mysqli->query('SELECT `Pemesan...', 0)
#1 /Users/filbertfelim/Filbert Felim/TST-CodeIgniter/system/Database/BaseConnection.php(693): CodeIgniter\Database\MySQLi\Connection->execute('SELECT `Pemesan...')
#2 /Users/filbertfelim/Filbert Felim/TST-CodeIgniter/system/Database/BaseConnection.php(607): CodeIgniter\Database\BaseConnection->simpleQuery('SELECT `Pemesan...')
#3 /Users/filbertfelim/Filbert Felim/TST-CodeIgniter/system/Database/BaseBuilder.php(1612): CodeIgniter\Database\BaseConnection->query('SELECT `Pemesan...', Array, false)
#4 /Users/filbertfelim/Filbert Felim/TST-CodeIgniter/app/Models/Pemesanan.php(29): CodeIgniter\Database\BaseBuilder->get()
#5 /Users/filbertfelim/Filbert Felim/TST-CodeIgniter/app/Controllers/PemesananController.php(14): App\Models\Pemesanan->getDataPemesananRestoran('1')
#6 /Users/filbertfelim/Filbert Felim/TST-CodeIgniter/system/CodeIgniter.php(942): App\Controllers\PemesananController->index('1')
#7 /Users/filbertfelim/Filbert Felim/TST-CodeIgniter/system/CodeIgniter.php(502): CodeIgniter\CodeIgniter->runController(Object(App\Controllers\PemesananController))
#8 /Users/filbertfelim/Filbert Felim/TST-CodeIgniter/system/CodeIgniter.php(361): CodeIgniter\CodeIgniter->handleRequest(NULL, Object(Config\Cache), false)
#9 /Users/filbertfelim/Filbert Felim/TST-CodeIgniter/public/index.php(79): CodeIgniter\CodeIgniter->run()
#10 /Users/filbertfelim/Filbert Felim/TST-CodeIgniter/system/Commands/Server/rewrite.php(47): require_once('/Users/filbertf...')
#11 {main}
CRITICAL - 2023-12-16 02:34:33 --> Unknown column 'Pemesanan.status' in 'field list'
in SYSTEMPATH/Database/BaseConnection.php on line 647.
 1 SYSTEMPATH/Database/BaseBuilder.php(1612): CodeIgniter\Database\BaseConnection->query('SELECT `Pemesanan`.`id`, `Pemesanan`.`tanggalPemesanan` as `orderDate`, `Pemesanan`.`status`, sum(DetailPemesanan.harga * DetailPemesanan.jumlah) as totalHarga
FROM `Pemesanan`
JOIN `DetailPemesanan` ON `Pemesanan`.`id` = `DetailPemesanan`.`orderId`
WHERE `Pemesanan`.`restoranId` = :Pemesanan.restoranId:
GROUP BY `Pemesanan`.`id`
ORDER BY `Pemesanan`.`tanggalPemesanan` DESC, `Pemesanan`.`status` DESC', [...], false)
 2 APPPATH/Models/Pemesanan.php(29): CodeIgniter\Database\BaseBuilder->get()
 3 APPPATH/Controllers/PemesananController.php(14): App\Models\Pemesanan->getDataPemesananRestoran('1')
 4 SYSTEMPATH/CodeIgniter.php(942): App\Controllers\PemesananController->index('1')
 5 SYSTEMPATH/CodeIgniter.php(502): CodeIgniter\CodeIgniter->runController(Object(App\Controllers\PemesananController))
 6 SYSTEMPATH/CodeIgniter.php(361): CodeIgniter\CodeIgniter->handleRequest(null, Object(Config\Cache), false)
 7 FCPATH/index.php(79): CodeIgniter\CodeIgniter->run()
 8 SYSTEMPATH/Commands/Server/rewrite.php(47): require_once('/Users/filbertfelim/Filbert Felim/TST-CodeIgniter/public/index.php')
ERROR - 2023-12-16 02:34:33 --> mysqli_sql_exception: Unknown column 'Pemesanan.status' in 'field list' in /Users/filbertfelim/Filbert Felim/TST-CodeIgniter/system/Database/MySQLi/Connection.php:306
Stack trace:
#0 /Users/filbertfelim/Filbert Felim/TST-CodeIgniter/system/Database/MySQLi/Connection.php(306): mysqli->query('SELECT `Pemesan...', 0)
#1 /Users/filbertfelim/Filbert Felim/TST-CodeIgniter/system/Database/BaseConnection.php(693): CodeIgniter\Database\MySQLi\Connection->execute('SELECT `Pemesan...')
#2 /Users/filbertfelim/Filbert Felim/TST-CodeIgniter/system/Database/BaseConnection.php(607): CodeIgniter\Database\BaseConnection->simpleQuery('SELECT `Pemesan...')
#3 /Users/filbertfelim/Filbert Felim/TST-CodeIgniter/system/Database/BaseBuilder.php(1612): CodeIgniter\Database\BaseConnection->query('SELECT `Pemesan...', Array, false)
#4 /Users/filbertfelim/Filbert Felim/TST-CodeIgniter/app/Models/Pemesanan.php(29): CodeIgniter\Database\BaseBuilder->get()
#5 /Users/filbertfelim/Filbert Felim/TST-CodeIgniter/app/Controllers/PemesananController.php(14): App\Models\Pemesanan->getDataPemesananRestoran('1')
#6 /Users/filbertfelim/Filbert Felim/TST-CodeIgniter/system/CodeIgniter.php(942): App\Controllers\PemesananController->index('1')
#7 /Users/filbertfelim/Filbert Felim/TST-CodeIgniter/system/CodeIgniter.php(502): CodeIgniter\CodeIgniter->runController(Object(App\Controllers\PemesananController))
#8 /Users/filbertfelim/Filbert Felim/TST-CodeIgniter/system/CodeIgniter.php(361): CodeIgniter\CodeIgniter->handleRequest(NULL, Object(Config\Cache), false)
#9 /Users/filbertfelim/Filbert Felim/TST-CodeIgniter/public/index.php(79): CodeIgniter\CodeIgniter->run()
#10 /Users/filbertfelim/Filbert Felim/TST-CodeIgniter/system/Commands/Server/rewrite.php(47): require_once('/Users/filbertf...')
#11 {main}
CRITICAL - 2023-12-16 02:34:33 --> Unknown column 'Pemesanan.status' in 'field list'
in SYSTEMPATH/Database/BaseConnection.php on line 647.
 1 SYSTEMPATH/Database/BaseBuilder.php(1612): CodeIgniter\Database\BaseConnection->query('SELECT `Pemesanan`.`id`, `Pemesanan`.`tanggalPemesanan` as `orderDate`, `Pemesanan`.`status`, sum(DetailPemesanan.harga * DetailPemesanan.jumlah) as totalHarga
FROM `Pemesanan`
JOIN `DetailPemesanan` ON `Pemesanan`.`id` = `DetailPemesanan`.`orderId`
WHERE `Pemesanan`.`restoranId` = :Pemesanan.restoranId:
GROUP BY `Pemesanan`.`id`
ORDER BY `Pemesanan`.`tanggalPemesanan` DESC, `Pemesanan`.`status` DESC', [...], false)
 2 APPPATH/Models/Pemesanan.php(29): CodeIgniter\Database\BaseBuilder->get()
 3 APPPATH/Controllers/PemesananController.php(14): App\Models\Pemesanan->getDataPemesananRestoran('1')
 4 SYSTEMPATH/CodeIgniter.php(942): App\Controllers\PemesananController->index('1')
 5 SYSTEMPATH/CodeIgniter.php(502): CodeIgniter\CodeIgniter->runController(Object(App\Controllers\PemesananController))
 6 SYSTEMPATH/CodeIgniter.php(361): CodeIgniter\CodeIgniter->handleRequest(null, Object(Config\Cache), false)
 7 FCPATH/index.php(79): CodeIgniter\CodeIgniter->run()
 8 SYSTEMPATH/Commands/Server/rewrite.php(47): require_once('/Users/filbertfelim/Filbert Felim/TST-CodeIgniter/public/index.php')
ERROR - 2023-12-16 02:34:34 --> mysqli_sql_exception: Unknown column 'Pemesanan.status' in 'field list' in /Users/filbertfelim/Filbert Felim/TST-CodeIgniter/system/Database/MySQLi/Connection.php:306
Stack trace:
#0 /Users/filbertfelim/Filbert Felim/TST-CodeIgniter/system/Database/MySQLi/Connection.php(306): mysqli->query('SELECT `Pemesan...', 0)
#1 /Users/filbertfelim/Filbert Felim/TST-CodeIgniter/system/Database/BaseConnection.php(693): CodeIgniter\Database\MySQLi\Connection->execute('SELECT `Pemesan...')
#2 /Users/filbertfelim/Filbert Felim/TST-CodeIgniter/system/Database/BaseConnection.php(607): CodeIgniter\Database\BaseConnection->simpleQuery('SELECT `Pemesan...')
#3 /Users/filbertfelim/Filbert Felim/TST-CodeIgniter/system/Database/BaseBuilder.php(1612): CodeIgniter\Database\BaseConnection->query('SELECT `Pemesan...', Array, false)
#4 /Users/filbertfelim/Filbert Felim/TST-CodeIgniter/app/Models/Pemesanan.php(29): CodeIgniter\Database\BaseBuilder->get()
#5 /Users/filbertfelim/Filbert Felim/TST-CodeIgniter/app/Controllers/PemesananController.php(14): App\Models\Pemesanan->getDataPemesananRestoran('1')
#6 /Users/filbertfelim/Filbert Felim/TST-CodeIgniter/system/CodeIgniter.php(942): App\Controllers\PemesananController->index('1')
#7 /Users/filbertfelim/Filbert Felim/TST-CodeIgniter/system/CodeIgniter.php(502): CodeIgniter\CodeIgniter->runController(Object(App\Controllers\PemesananController))
#8 /Users/filbertfelim/Filbert Felim/TST-CodeIgniter/system/CodeIgniter.php(361): CodeIgniter\CodeIgniter->handleRequest(NULL, Object(Config\Cache), false)
#9 /Users/filbertfelim/Filbert Felim/TST-CodeIgniter/public/index.php(79): CodeIgniter\CodeIgniter->run()
#10 /Users/filbertfelim/Filbert Felim/TST-CodeIgniter/system/Commands/Server/rewrite.php(47): require_once('/Users/filbertf...')
#11 {main}
CRITICAL - 2023-12-16 02:34:34 --> Unknown column 'Pemesanan.status' in 'field list'
in SYSTEMPATH/Database/BaseConnection.php on line 647.
 1 SYSTEMPATH/Database/BaseBuilder.php(1612): CodeIgniter\Database\BaseConnection->query('SELECT `Pemesanan`.`id`, `Pemesanan`.`tanggalPemesanan` as `orderDate`, `Pemesanan`.`status`, sum(DetailPemesanan.harga * DetailPemesanan.jumlah) as totalHarga
FROM `Pemesanan`
JOIN `DetailPemesanan` ON `Pemesanan`.`id` = `DetailPemesanan`.`orderId`
WHERE `Pemesanan`.`restoranId` = :Pemesanan.restoranId:
GROUP BY `Pemesanan`.`id`
ORDER BY `Pemesanan`.`tanggalPemesanan` DESC, `Pemesanan`.`status` DESC', [...], false)
 2 APPPATH/Models/Pemesanan.php(29): CodeIgniter\Database\BaseBuilder->get()
 3 APPPATH/Controllers/PemesananController.php(14): App\Models\Pemesanan->getDataPemesananRestoran('1')
 4 SYSTEMPATH/CodeIgniter.php(942): App\Controllers\PemesananController->index('1')
 5 SYSTEMPATH/CodeIgniter.php(502): CodeIgniter\CodeIgniter->runController(Object(App\Controllers\PemesananController))
 6 SYSTEMPATH/CodeIgniter.php(361): CodeIgniter\CodeIgniter->handleRequest(null, Object(Config\Cache), false)
 7 FCPATH/index.php(79): CodeIgniter\CodeIgniter->run()
 8 SYSTEMPATH/Commands/Server/rewrite.php(47): require_once('/Users/filbertfelim/Filbert Felim/TST-CodeIgniter/public/index.php')
ERROR - 2023-12-16 02:34:34 --> mysqli_sql_exception: Unknown column 'Pemesanan.status' in 'field list' in /Users/filbertfelim/Filbert Felim/TST-CodeIgniter/system/Database/MySQLi/Connection.php:306
Stack trace:
#0 /Users/filbertfelim/Filbert Felim/TST-CodeIgniter/system/Database/MySQLi/Connection.php(306): mysqli->query('SELECT `Pemesan...', 0)
#1 /Users/filbertfelim/Filbert Felim/TST-CodeIgniter/system/Database/BaseConnection.php(693): CodeIgniter\Database\MySQLi\Connection->execute('SELECT `Pemesan...')
#2 /Users/filbertfelim/Filbert Felim/TST-CodeIgniter/system/Database/BaseConnection.php(607): CodeIgniter\Database\BaseConnection->simpleQuery('SELECT `Pemesan...')
#3 /Users/filbertfelim/Filbert Felim/TST-CodeIgniter/system/Database/BaseBuilder.php(1612): CodeIgniter\Database\BaseConnection->query('SELECT `Pemesan...', Array, false)
#4 /Users/filbertfelim/Filbert Felim/TST-CodeIgniter/app/Models/Pemesanan.php(29): CodeIgniter\Database\BaseBuilder->get()
#5 /Users/filbertfelim/Filbert Felim/TST-CodeIgniter/app/Controllers/PemesananController.php(14): App\Models\Pemesanan->getDataPemesananRestoran('1')
#6 /Users/filbertfelim/Filbert Felim/TST-CodeIgniter/system/CodeIgniter.php(942): App\Controllers\PemesananController->index('1')
#7 /Users/filbertfelim/Filbert Felim/TST-CodeIgniter/system/CodeIgniter.php(502): CodeIgniter\CodeIgniter->runController(Object(App\Controllers\PemesananController))
#8 /Users/filbertfelim/Filbert Felim/TST-CodeIgniter/system/CodeIgniter.php(361): CodeIgniter\CodeIgniter->handleRequest(NULL, Object(Config\Cache), false)
#9 /Users/filbertfelim/Filbert Felim/TST-CodeIgniter/public/index.php(79): CodeIgniter\CodeIgniter->run()
#10 /Users/filbertfelim/Filbert Felim/TST-CodeIgniter/system/Commands/Server/rewrite.php(47): require_once('/Users/filbertf...')
#11 {main}
CRITICAL - 2023-12-16 02:34:34 --> Unknown column 'Pemesanan.status' in 'field list'
in SYSTEMPATH/Database/BaseConnection.php on line 647.
 1 SYSTEMPATH/Database/BaseBuilder.php(1612): CodeIgniter\Database\BaseConnection->query('SELECT `Pemesanan`.`id`, `Pemesanan`.`tanggalPemesanan` as `orderDate`, `Pemesanan`.`status`, sum(DetailPemesanan.harga * DetailPemesanan.jumlah) as totalHarga
FROM `Pemesanan`
JOIN `DetailPemesanan` ON `Pemesanan`.`id` = `DetailPemesanan`.`orderId`
WHERE `Pemesanan`.`restoranId` = :Pemesanan.restoranId:
GROUP BY `Pemesanan`.`id`
ORDER BY `Pemesanan`.`tanggalPemesanan` DESC, `Pemesanan`.`status` DESC', [...], false)
 2 APPPATH/Models/Pemesanan.php(29): CodeIgniter\Database\BaseBuilder->get()
 3 APPPATH/Controllers/PemesananController.php(14): App\Models\Pemesanan->getDataPemesananRestoran('1')
 4 SYSTEMPATH/CodeIgniter.php(942): App\Controllers\PemesananController->index('1')
 5 SYSTEMPATH/CodeIgniter.php(502): CodeIgniter\CodeIgniter->runController(Object(App\Controllers\PemesananController))
 6 SYSTEMPATH/CodeIgniter.php(361): CodeIgniter\CodeIgniter->handleRequest(null, Object(Config\Cache), false)
 7 FCPATH/index.php(79): CodeIgniter\CodeIgniter->run()
 8 SYSTEMPATH/Commands/Server/rewrite.php(47): require_once('/Users/filbertfelim/Filbert Felim/TST-CodeIgniter/public/index.php')
ERROR - 2023-12-16 02:34:34 --> mysqli_sql_exception: Unknown column 'Pemesanan.status' in 'field list' in /Users/filbertfelim/Filbert Felim/TST-CodeIgniter/system/Database/MySQLi/Connection.php:306
Stack trace:
#0 /Users/filbertfelim/Filbert Felim/TST-CodeIgniter/system/Database/MySQLi/Connection.php(306): mysqli->query('SELECT `Pemesan...', 0)
#1 /Users/filbertfelim/Filbert Felim/TST-CodeIgniter/system/Database/BaseConnection.php(693): CodeIgniter\Database\MySQLi\Connection->execute('SELECT `Pemesan...')
#2 /Users/filbertfelim/Filbert Felim/TST-CodeIgniter/system/Database/BaseConnection.php(607): CodeIgniter\Database\BaseConnection->simpleQuery('SELECT `Pemesan...')
#3 /Users/filbertfelim/Filbert Felim/TST-CodeIgniter/system/Database/BaseBuilder.php(1612): CodeIgniter\Database\BaseConnection->query('SELECT `Pemesan...', Array, false)
#4 /Users/filbertfelim/Filbert Felim/TST-CodeIgniter/app/Models/Pemesanan.php(29): CodeIgniter\Database\BaseBuilder->get()
#5 /Users/filbertfelim/Filbert Felim/TST-CodeIgniter/app/Controllers/PemesananController.php(14): App\Models\Pemesanan->getDataPemesananRestoran('1')
#6 /Users/filbertfelim/Filbert Felim/TST-CodeIgniter/system/CodeIgniter.php(942): App\Controllers\PemesananController->index('1')
#7 /Users/filbertfelim/Filbert Felim/TST-CodeIgniter/system/CodeIgniter.php(502): CodeIgniter\CodeIgniter->runController(Object(App\Controllers\PemesananController))
#8 /Users/filbertfelim/Filbert Felim/TST-CodeIgniter/system/CodeIgniter.php(361): CodeIgniter\CodeIgniter->handleRequest(NULL, Object(Config\Cache), false)
#9 /Users/filbertfelim/Filbert Felim/TST-CodeIgniter/public/index.php(79): CodeIgniter\CodeIgniter->run()
#10 /Users/filbertfelim/Filbert Felim/TST-CodeIgniter/system/Commands/Server/rewrite.php(47): require_once('/Users/filbertf...')
#11 {main}
CRITICAL - 2023-12-16 02:34:34 --> Unknown column 'Pemesanan.status' in 'field list'
in SYSTEMPATH/Database/BaseConnection.php on line 647.
 1 SYSTEMPATH/Database/BaseBuilder.php(1612): CodeIgniter\Database\BaseConnection->query('SELECT `Pemesanan`.`id`, `Pemesanan`.`tanggalPemesanan` as `orderDate`, `Pemesanan`.`status`, sum(DetailPemesanan.harga * DetailPemesanan.jumlah) as totalHarga
FROM `Pemesanan`
JOIN `DetailPemesanan` ON `Pemesanan`.`id` = `DetailPemesanan`.`orderId`
WHERE `Pemesanan`.`restoranId` = :Pemesanan.restoranId:
GROUP BY `Pemesanan`.`id`
ORDER BY `Pemesanan`.`tanggalPemesanan` DESC, `Pemesanan`.`status` DESC', [...], false)
 2 APPPATH/Models/Pemesanan.php(29): CodeIgniter\Database\BaseBuilder->get()
 3 APPPATH/Controllers/PemesananController.php(14): App\Models\Pemesanan->getDataPemesananRestoran('1')
 4 SYSTEMPATH/CodeIgniter.php(942): App\Controllers\PemesananController->index('1')
 5 SYSTEMPATH/CodeIgniter.php(502): CodeIgniter\CodeIgniter->runController(Object(App\Controllers\PemesananController))
 6 SYSTEMPATH/CodeIgniter.php(361): CodeIgniter\CodeIgniter->handleRequest(null, Object(Config\Cache), false)
 7 FCPATH/index.php(79): CodeIgniter\CodeIgniter->run()
 8 SYSTEMPATH/Commands/Server/rewrite.php(47): require_once('/Users/filbertfelim/Filbert Felim/TST-CodeIgniter/public/index.php')
ERROR - 2023-12-16 02:34:34 --> mysqli_sql_exception: Unknown column 'Pemesanan.status' in 'field list' in /Users/filbertfelim/Filbert Felim/TST-CodeIgniter/system/Database/MySQLi/Connection.php:306
Stack trace:
#0 /Users/filbertfelim/Filbert Felim/TST-CodeIgniter/system/Database/MySQLi/Connection.php(306): mysqli->query('SELECT `Pemesan...', 0)
#1 /Users/filbertfelim/Filbert Felim/TST-CodeIgniter/system/Database/BaseConnection.php(693): CodeIgniter\Database\MySQLi\Connection->execute('SELECT `Pemesan...')
#2 /Users/filbertfelim/Filbert Felim/TST-CodeIgniter/system/Database/BaseConnection.php(607): CodeIgniter\Database\BaseConnection->simpleQuery('SELECT `Pemesan...')
#3 /Users/filbertfelim/Filbert Felim/TST-CodeIgniter/system/Database/BaseBuilder.php(1612): CodeIgniter\Database\BaseConnection->query('SELECT `Pemesan...', Array, false)
#4 /Users/filbertfelim/Filbert Felim/TST-CodeIgniter/app/Models/Pemesanan.php(29): CodeIgniter\Database\BaseBuilder->get()
#5 /Users/filbertfelim/Filbert Felim/TST-CodeIgniter/app/Controllers/PemesananController.php(14): App\Models\Pemesanan->getDataPemesananRestoran('1')
#6 /Users/filbertfelim/Filbert Felim/TST-CodeIgniter/system/CodeIgniter.php(942): App\Controllers\PemesananController->index('1')
#7 /Users/filbertfelim/Filbert Felim/TST-CodeIgniter/system/CodeIgniter.php(502): CodeIgniter\CodeIgniter->runController(Object(App\Controllers\PemesananController))
#8 /Users/filbertfelim/Filbert Felim/TST-CodeIgniter/system/CodeIgniter.php(361): CodeIgniter\CodeIgniter->handleRequest(NULL, Object(Config\Cache), false)
#9 /Users/filbertfelim/Filbert Felim/TST-CodeIgniter/public/index.php(79): CodeIgniter\CodeIgniter->run()
#10 /Users/filbertfelim/Filbert Felim/TST-CodeIgniter/system/Commands/Server/rewrite.php(47): require_once('/Users/filbertf...')
#11 {main}
CRITICAL - 2023-12-16 02:34:34 --> Unknown column 'Pemesanan.status' in 'field list'
in SYSTEMPATH/Database/BaseConnection.php on line 647.
 1 SYSTEMPATH/Database/BaseBuilder.php(1612): CodeIgniter\Database\BaseConnection->query('SELECT `Pemesanan`.`id`, `Pemesanan`.`tanggalPemesanan` as `orderDate`, `Pemesanan`.`status`, sum(DetailPemesanan.harga * DetailPemesanan.jumlah) as totalHarga
FROM `Pemesanan`
JOIN `DetailPemesanan` ON `Pemesanan`.`id` = `DetailPemesanan`.`orderId`
WHERE `Pemesanan`.`restoranId` = :Pemesanan.restoranId:
GROUP BY `Pemesanan`.`id`
ORDER BY `Pemesanan`.`tanggalPemesanan` DESC, `Pemesanan`.`status` DESC', [...], false)
 2 APPPATH/Models/Pemesanan.php(29): CodeIgniter\Database\BaseBuilder->get()
 3 APPPATH/Controllers/PemesananController.php(14): App\Models\Pemesanan->getDataPemesananRestoran('1')
 4 SYSTEMPATH/CodeIgniter.php(942): App\Controllers\PemesananController->index('1')
 5 SYSTEMPATH/CodeIgniter.php(502): CodeIgniter\CodeIgniter->runController(Object(App\Controllers\PemesananController))
 6 SYSTEMPATH/CodeIgniter.php(361): CodeIgniter\CodeIgniter->handleRequest(null, Object(Config\Cache), false)
 7 FCPATH/index.php(79): CodeIgniter\CodeIgniter->run()
 8 SYSTEMPATH/Commands/Server/rewrite.php(47): require_once('/Users/filbertfelim/Filbert Felim/TST-CodeIgniter/public/index.php')
INFO - 2023-12-16 02:34:39 --> Session: Class initialized using 'CodeIgniter\Session\Handlers\FileHandler' driver.
INFO - 2023-12-16 02:34:41 --> Session: Class initialized using 'CodeIgniter\Session\Handlers\FileHandler' driver.
INFO - 2023-12-16 02:34:42 --> Session: Class initialized using 'CodeIgniter\Session\Handlers\FileHandler' driver.
INFO - 2023-12-16 02:34:44 --> Session: Class initialized using 'CodeIgniter\Session\Handlers\FileHandler' driver.
INFO - 2023-12-16 02:34:44 --> Session: Class initialized using 'CodeIgniter\Session\Handlers\FileHandler' driver.
INFO - 2023-12-16 02:34:49 --> Session: Class initialized using 'CodeIgniter\Session\Handlers\FileHandler' driver.
INFO - 2023-12-16 02:34:49 --> Session: Class initialized using 'CodeIgniter\Session\Handlers\FileHandler' driver.
ERROR - 2023-12-16 02:34:57 --> mysqli_sql_exception: Unknown column 'Pemesanan.status' in 'field list' in /Users/filbertfelim/Filbert Felim/TST-CodeIgniter/system/Database/MySQLi/Connection.php:306
Stack trace:
#0 /Users/filbertfelim/Filbert Felim/TST-CodeIgniter/system/Database/MySQLi/Connection.php(306): mysqli->query('SELECT `Pemesan...', 0)
#1 /Users/filbertfelim/Filbert Felim/TST-CodeIgniter/system/Database/BaseConnection.php(693): CodeIgniter\Database\MySQLi\Connection->execute('SELECT `Pemesan...')
#2 /Users/filbertfelim/Filbert Felim/TST-CodeIgniter/system/Database/BaseConnection.php(607): CodeIgniter\Database\BaseConnection->simpleQuery('SELECT `Pemesan...')
#3 /Users/filbertfelim/Filbert Felim/TST-CodeIgniter/system/Database/BaseBuilder.php(1612): CodeIgniter\Database\BaseConnection->query('SELECT `Pemesan...', Array, false)
#4 /Users/filbertfelim/Filbert Felim/TST-CodeIgniter/app/Models/Pemesanan.php(29): CodeIgniter\Database\BaseBuilder->get()
#5 /Users/filbertfelim/Filbert Felim/TST-CodeIgniter/app/Controllers/PemesananController.php(14): App\Models\Pemesanan->getDataPemesananRestoran('1')
#6 /Users/filbertfelim/Filbert Felim/TST-CodeIgniter/system/CodeIgniter.php(942): App\Controllers\PemesananController->index('1')
#7 /Users/filbertfelim/Filbert Felim/TST-CodeIgniter/system/CodeIgniter.php(502): CodeIgniter\CodeIgniter->runController(Object(App\Controllers\PemesananController))
#8 /Users/filbertfelim/Filbert Felim/TST-CodeIgniter/system/CodeIgniter.php(361): CodeIgniter\CodeIgniter->handleRequest(NULL, Object(Config\Cache), false)
#9 /Users/filbertfelim/Filbert Felim/TST-CodeIgniter/public/index.php(79): CodeIgniter\CodeIgniter->run()
#10 /Users/filbertfelim/Filbert Felim/TST-CodeIgniter/system/Commands/Server/rewrite.php(47): require_once('/Users/filbertf...')
#11 {main}
CRITICAL - 2023-12-16 02:34:57 --> Unknown column 'Pemesanan.status' in 'field list'
in SYSTEMPATH/Database/BaseConnection.php on line 647.
 1 SYSTEMPATH/Database/BaseBuilder.php(1612): CodeIgniter\Database\BaseConnection->query('SELECT `Pemesanan`.`id`, `Pemesanan`.`tanggalPemesanan` as `orderDate`, `Pemesanan`.`status`, sum(DetailPemesanan.harga * DetailPemesanan.jumlah) as totalHarga
FROM `Pemesanan`
JOIN `DetailPemesanan` ON `Pemesanan`.`id` = `DetailPemesanan`.`orderId`
WHERE `Pemesanan`.`restoranId` = :Pemesanan.restoranId:
GROUP BY `Pemesanan`.`id`
ORDER BY `Pemesanan`.`tanggalPemesanan` DESC, `Pemesanan`.`status` DESC', [...], false)
 2 APPPATH/Models/Pemesanan.php(29): CodeIgniter\Database\BaseBuilder->get()
 3 APPPATH/Controllers/PemesananController.php(14): App\Models\Pemesanan->getDataPemesananRestoran('1')
 4 SYSTEMPATH/CodeIgniter.php(942): App\Controllers\PemesananController->index('1')
 5 SYSTEMPATH/CodeIgniter.php(502): CodeIgniter\CodeIgniter->runController(Object(App\Controllers\PemesananController))
 6 SYSTEMPATH/CodeIgniter.php(361): CodeIgniter\CodeIgniter->handleRequest(null, Object(Config\Cache), false)
 7 FCPATH/index.php(79): CodeIgniter\CodeIgniter->run()
 8 SYSTEMPATH/Commands/Server/rewrite.php(47): require_once('/Users/filbertfelim/Filbert Felim/TST-CodeIgniter/public/index.php')
ERROR - 2023-12-16 02:36:36 --> mysqli_sql_exception: Unknown column 'Pemesanan.status' in 'field list' in /Users/filbertfelim/Filbert Felim/TST-CodeIgniter/system/Database/MySQLi/Connection.php:306
Stack trace:
#0 /Users/filbertfelim/Filbert Felim/TST-CodeIgniter/system/Database/MySQLi/Connection.php(306): mysqli->query('SELECT `Pemesan...', 0)
#1 /Users/filbertfelim/Filbert Felim/TST-CodeIgniter/system/Database/BaseConnection.php(693): CodeIgniter\Database\MySQLi\Connection->execute('SELECT `Pemesan...')
#2 /Users/filbertfelim/Filbert Felim/TST-CodeIgniter/system/Database/BaseConnection.php(607): CodeIgniter\Database\BaseConnection->simpleQuery('SELECT `Pemesan...')
#3 /Users/filbertfelim/Filbert Felim/TST-CodeIgniter/system/Database/BaseBuilder.php(1612): CodeIgniter\Database\BaseConnection->query('SELECT `Pemesan...', Array, false)
#4 /Users/filbertfelim/Filbert Felim/TST-CodeIgniter/app/Models/Pemesanan.php(29): CodeIgniter\Database\BaseBuilder->get()
#5 /Users/filbertfelim/Filbert Felim/TST-CodeIgniter/app/Controllers/PemesananController.php(14): App\Models\Pemesanan->getDataPemesananRestoran('1')
#6 /Users/filbertfelim/Filbert Felim/TST-CodeIgniter/system/CodeIgniter.php(942): App\Controllers\PemesananController->index('1')
#7 /Users/filbertfelim/Filbert Felim/TST-CodeIgniter/system/CodeIgniter.php(502): CodeIgniter\CodeIgniter->runController(Object(App\Controllers\PemesananController))
#8 /Users/filbertfelim/Filbert Felim/TST-CodeIgniter/system/CodeIgniter.php(361): CodeIgniter\CodeIgniter->handleRequest(NULL, Object(Config\Cache), false)
#9 /Users/filbertfelim/Filbert Felim/TST-CodeIgniter/public/index.php(79): CodeIgniter\CodeIgniter->run()
#10 /Users/filbertfelim/Filbert Felim/TST-CodeIgniter/system/Commands/Server/rewrite.php(47): require_once('/Users/filbertf...')
#11 {main}
CRITICAL - 2023-12-16 02:36:36 --> Unknown column 'Pemesanan.status' in 'field list'
in SYSTEMPATH/Database/BaseConnection.php on line 647.
 1 SYSTEMPATH/Database/BaseBuilder.php(1612): CodeIgniter\Database\BaseConnection->query('SELECT `Pemesanan`.`id`, `Pemesanan`.`tanggalPemesanan` as `orderDate`, `Pemesanan`.`status`, sum(DetailPemesanan.harga * DetailPemesanan.jumlah) as totalHarga
FROM `Pemesanan`
JOIN `DetailPemesanan` ON `Pemesanan`.`id` = `DetailPemesanan`.`orderId`
WHERE `Pemesanan`.`restoranId` = :Pemesanan.restoranId:
GROUP BY `Pemesanan`.`id`
ORDER BY `Pemesanan`.`tanggalPemesanan` DESC, `Pemesanan`.`status` DESC', [...], false)
 2 APPPATH/Models/Pemesanan.php(29): CodeIgniter\Database\BaseBuilder->get()
 3 APPPATH/Controllers/PemesananController.php(14): App\Models\Pemesanan->getDataPemesananRestoran('1')
 4 SYSTEMPATH/CodeIgniter.php(942): App\Controllers\PemesananController->index('1')
 5 SYSTEMPATH/CodeIgniter.php(502): CodeIgniter\CodeIgniter->runController(Object(App\Controllers\PemesananController))
 6 SYSTEMPATH/CodeIgniter.php(361): CodeIgniter\CodeIgniter->handleRequest(null, Object(Config\Cache), false)
 7 FCPATH/index.php(79): CodeIgniter\CodeIgniter->run()
 8 SYSTEMPATH/Commands/Server/rewrite.php(47): require_once('/Users/filbertfelim/Filbert Felim/TST-CodeIgniter/public/index.php')
ERROR - 2023-12-16 02:37:19 --> mysqli_sql_exception: Unknown column 'Pemesanan.status' in 'order clause' in /Users/filbertfelim/Filbert Felim/TST-CodeIgniter/system/Database/MySQLi/Connection.php:306
Stack trace:
#0 /Users/filbertfelim/Filbert Felim/TST-CodeIgniter/system/Database/MySQLi/Connection.php(306): mysqli->query('SELECT `Pemesan...', 0)
#1 /Users/filbertfelim/Filbert Felim/TST-CodeIgniter/system/Database/BaseConnection.php(693): CodeIgniter\Database\MySQLi\Connection->execute('SELECT `Pemesan...')
#2 /Users/filbertfelim/Filbert Felim/TST-CodeIgniter/system/Database/BaseConnection.php(607): CodeIgniter\Database\BaseConnection->simpleQuery('SELECT `Pemesan...')
#3 /Users/filbertfelim/Filbert Felim/TST-CodeIgniter/system/Database/BaseBuilder.php(1612): CodeIgniter\Database\BaseConnection->query('SELECT `Pemesan...', Array, false)
#4 /Users/filbertfelim/Filbert Felim/TST-CodeIgniter/app/Models/Pemesanan.php(29): CodeIgniter\Database\BaseBuilder->get()
#5 /Users/filbertfelim/Filbert Felim/TST-CodeIgniter/app/Controllers/PemesananController.php(14): App\Models\Pemesanan->getDataPemesananRestoran('1')
#6 /Users/filbertfelim/Filbert Felim/TST-CodeIgniter/system/CodeIgniter.php(942): App\Controllers\PemesananController->index('1')
#7 /Users/filbertfelim/Filbert Felim/TST-CodeIgniter/system/CodeIgniter.php(502): CodeIgniter\CodeIgniter->runController(Object(App\Controllers\PemesananController))
#8 /Users/filbertfelim/Filbert Felim/TST-CodeIgniter/system/CodeIgniter.php(361): CodeIgniter\CodeIgniter->handleRequest(NULL, Object(Config\Cache), false)
#9 /Users/filbertfelim/Filbert Felim/TST-CodeIgniter/public/index.php(79): CodeIgniter\CodeIgniter->run()
#10 /Users/filbertfelim/Filbert Felim/TST-CodeIgniter/system/Commands/Server/rewrite.php(47): require_once('/Users/filbertf...')
#11 {main}
CRITICAL - 2023-12-16 02:37:19 --> Unknown column 'Pemesanan.status' in 'order clause'
in SYSTEMPATH/Database/BaseConnection.php on line 647.
 1 SYSTEMPATH/Database/BaseBuilder.php(1612): CodeIgniter\Database\BaseConnection->query('SELECT `Pemesanan`.`id`, `Pemesanan`.`tanggalPemesanan` as `orderDate`, sum(DetailPemesanan.harga * DetailPemesanan.jumlah) as totalHarga
FROM `Pemesanan`
JOIN `DetailPemesanan` ON `Pemesanan`.`id` = `DetailPemesanan`.`orderId`
WHERE `Pemesanan`.`restoranId` = :Pemesanan.restoranId:
GROUP BY `Pemesanan`.`id`
ORDER BY `Pemesanan`.`tanggalPemesanan` DESC, `Pemesanan`.`status` DESC', [...], false)
 2 APPPATH/Models/Pemesanan.php(29): CodeIgniter\Database\BaseBuilder->get()
 3 APPPATH/Controllers/PemesananController.php(14): App\Models\Pemesanan->getDataPemesananRestoran('1')
 4 SYSTEMPATH/CodeIgniter.php(942): App\Controllers\PemesananController->index('1')
 5 SYSTEMPATH/CodeIgniter.php(502): CodeIgniter\CodeIgniter->runController(Object(App\Controllers\PemesananController))
 6 SYSTEMPATH/CodeIgniter.php(361): CodeIgniter\CodeIgniter->handleRequest(null, Object(Config\Cache), false)
 7 FCPATH/index.php(79): CodeIgniter\CodeIgniter->run()
 8 SYSTEMPATH/Commands/Server/rewrite.php(47): require_once('/Users/filbertfelim/Filbert Felim/TST-CodeIgniter/public/index.php')
