ERROR - 2023-12-15 05:03:21 --> mysqli_sql_exception: Unknown column 'Pemesanan.restoranId' in 'having clause' in C:\Users\ASUS\Documents\tst\TST-CodeIgniter\system\Database\MySQLi\Connection.php:306
Stack trace:
#0 C:\Users\ASUS\Documents\tst\TST-CodeIgniter\system\Database\MySQLi\Connection.php(306): mysqli->query('SELECT `Pemesan...', 0)
#1 C:\Users\ASUS\Documents\tst\TST-CodeIgniter\system\Database\BaseConnection.php(693): CodeIgniter\Database\MySQLi\Connection->execute('SELECT `Pemesan...')
#2 C:\Users\ASUS\Documents\tst\TST-CodeIgniter\system\Database\BaseConnection.php(607): CodeIgniter\Database\BaseConnection->simpleQuery('SELECT `Pemesan...')
#3 C:\Users\ASUS\Documents\tst\TST-CodeIgniter\system\Database\BaseBuilder.php(1612): CodeIgniter\Database\BaseConnection->query('SELECT `Pemesan...', Array, false)
#4 C:\Users\ASUS\Documents\tst\TST-CodeIgniter\app\Models\Pemesanan.php(29): CodeIgniter\Database\BaseBuilder->get()
#5 C:\Users\ASUS\Documents\tst\TST-CodeIgniter\app\Controllers\PemesananController.php(14): App\Models\Pemesanan->getDataPemesananRestoran('1')
#6 C:\Users\ASUS\Documents\tst\TST-CodeIgniter\system\CodeIgniter.php(942): App\Controllers\PemesananController->index('1')
#7 C:\Users\ASUS\Documents\tst\TST-CodeIgniter\system\CodeIgniter.php(502): CodeIgniter\CodeIgniter->runController(Object(App\Controllers\PemesananController))
#8 C:\Users\ASUS\Documents\tst\TST-CodeIgniter\system\CodeIgniter.php(361): CodeIgniter\CodeIgniter->handleRequest(NULL, Object(Config\Cache), false)
#9 C:\Users\ASUS\Documents\tst\TST-CodeIgniter\public\index.php(79): CodeIgniter\CodeIgniter->run()
#10 C:\Users\ASUS\Documents\tst\TST-CodeIgniter\system\Commands\Server\rewrite.php(47): require_once('C:\\Users\\ASUS\\D...')
#11 {main}
CRITICAL - 2023-12-15 05:03:21 --> Unknown column 'Pemesanan.restoranId' in 'having clause'
in SYSTEMPATH\Database\BaseConnection.php on line 647.
 1 SYSTEMPATH\Database\BaseBuilder.php(1612): CodeIgniter\Database\BaseConnection->query('SELECT `Pemesanan`.`id`, `Pemesanan`.`tanggalPemesanan` as `orderDate`, `Pemesanan`.`status`, sum(DetailPemesanan.harga) as totalHarga
FROM `Pemesanan`
JOIN `DetailPemesanan` ON `Pemesanan`.`id` = `DetailPemesanan`.`orderId`
GROUP BY `Pemesanan`.`id`
HAVING `Pemesanan`.`restoranId` = :Pemesanan.restoranId:
ORDER BY `Pemesanan`.`tanggalPemesanan` DESC, `Pemesanan`.`status` DESC', [...], false)
 2 APPPATH\Models\Pemesanan.php(29): CodeIgniter\Database\BaseBuilder->get()
 3 APPPATH\Controllers\PemesananController.php(14): App\Models\Pemesanan->getDataPemesananRestoran('1')
 4 SYSTEMPATH\CodeIgniter.php(942): App\Controllers\PemesananController->index('1')
 5 SYSTEMPATH\CodeIgniter.php(502): CodeIgniter\CodeIgniter->runController(Object(App\Controllers\PemesananController))
 6 SYSTEMPATH\CodeIgniter.php(361): CodeIgniter\CodeIgniter->handleRequest(null, Object(Config\Cache), false)
 7 FCPATH\index.php(79): CodeIgniter\CodeIgniter->run()
 8 SYSTEMPATH\Commands\Server\rewrite.php(47): require_once('C:\\Users\\ASUS\\Documents\\tst\\TST-CodeIgniter\\public\\index.php')
ERROR - 2023-12-15 05:13:13 --> mysqli_sql_exception: Unknown column 'DetailPemesanan.id' in 'field list' in C:\Users\ASUS\Documents\tst\TST-CodeIgniter\system\Database\MySQLi\Connection.php:306
Stack trace:
#0 C:\Users\ASUS\Documents\tst\TST-CodeIgniter\system\Database\MySQLi\Connection.php(306): mysqli->query('SELECT `DetailP...', 0)
#1 C:\Users\ASUS\Documents\tst\TST-CodeIgniter\system\Database\BaseConnection.php(693): CodeIgniter\Database\MySQLi\Connection->execute('SELECT `DetailP...')
#2 C:\Users\ASUS\Documents\tst\TST-CodeIgniter\system\Database\BaseConnection.php(607): CodeIgniter\Database\BaseConnection->simpleQuery('SELECT `DetailP...')
#3 C:\Users\ASUS\Documents\tst\TST-CodeIgniter\system\Database\BaseBuilder.php(1612): CodeIgniter\Database\BaseConnection->query('SELECT `DetailP...', Array, false)
#4 C:\Users\ASUS\Documents\tst\TST-CodeIgniter\app\Models\DetailPemesanan.php(26): CodeIgniter\Database\BaseBuilder->get()
#5 C:\Users\ASUS\Documents\tst\TST-CodeIgniter\app\Controllers\DetailPemesananController.php(14): App\Models\DetailPemesanan->getDetailPemesanan('1')
#6 C:\Users\ASUS\Documents\tst\TST-CodeIgniter\system\CodeIgniter.php(942): App\Controllers\DetailPemesananController->index('1')
#7 C:\Users\ASUS\Documents\tst\TST-CodeIgniter\system\CodeIgniter.php(502): CodeIgniter\CodeIgniter->runController(Object(App\Controllers\DetailPemesananController))
#8 C:\Users\ASUS\Documents\tst\TST-CodeIgniter\system\CodeIgniter.php(361): CodeIgniter\CodeIgniter->handleRequest(NULL, Object(Config\Cache), false)
#9 C:\Users\ASUS\Documents\tst\TST-CodeIgniter\public\index.php(79): CodeIgniter\CodeIgniter->run()
#10 C:\Users\ASUS\Documents\tst\TST-CodeIgniter\system\Commands\Server\rewrite.php(47): require_once('C:\\Users\\ASUS\\D...')
#11 {main}
CRITICAL - 2023-12-15 05:13:13 --> Unknown column 'DetailPemesanan.id' in 'field list'
in SYSTEMPATH\Database\BaseConnection.php on line 647.
 1 SYSTEMPATH\Database\BaseBuilder.php(1612): CodeIgniter\Database\BaseConnection->query('SELECT `DetailPemesanan`.`id`, `DetailPemesanan`.`namaMakanan`, `DetailPemesanan`.`harga`, `DetailPemesanan`.`jumlah`, (DetailPemesanan.harga * DetailPemesanan.jumlah) as hargaPesanan
FROM `Pemesanan`
WHERE `DetailPemesanan`.`orderId` = :DetailPemesanan.orderId:', [...], false)
 2 APPPATH\Models\DetailPemesanan.php(26): CodeIgniter\Database\BaseBuilder->get()
 3 APPPATH\Controllers\DetailPemesananController.php(14): App\Models\DetailPemesanan->getDetailPemesanan('1')
 4 SYSTEMPATH\CodeIgniter.php(942): App\Controllers\DetailPemesananController->index('1')
 5 SYSTEMPATH\CodeIgniter.php(502): CodeIgniter\CodeIgniter->runController(Object(App\Controllers\DetailPemesananController))
 6 SYSTEMPATH\CodeIgniter.php(361): CodeIgniter\CodeIgniter->handleRequest(null, Object(Config\Cache), false)
 7 FCPATH\index.php(79): CodeIgniter\CodeIgniter->run()
 8 SYSTEMPATH\Commands\Server\rewrite.php(47): require_once('C:\\Users\\ASUS\\Documents\\tst\\TST-CodeIgniter\\public\\index.php')
INFO - 2023-12-15 08:06:15 --> Session: Class initialized using 'CodeIgniter\Session\Handlers\FileHandler' driver.
INFO - 2023-12-15 08:06:16 --> Session: Class initialized using 'CodeIgniter\Session\Handlers\FileHandler' driver.
INFO - 2023-12-15 08:06:24 --> Session: Class initialized using 'CodeIgniter\Session\Handlers\FileHandler' driver.
INFO - 2023-12-15 08:06:24 --> Session: Class initialized using 'CodeIgniter\Session\Handlers\FileHandler' driver.
INFO - 2023-12-15 08:06:30 --> Session: Class initialized using 'CodeIgniter\Session\Handlers\FileHandler' driver.
INFO - 2023-12-15 08:06:39 --> Session: Class initialized using 'CodeIgniter\Session\Handlers\FileHandler' driver.
INFO - 2023-12-15 08:06:45 --> Session: Class initialized using 'CodeIgniter\Session\Handlers\FileHandler' driver.
INFO - 2023-12-15 08:06:46 --> Session: Class initialized using 'CodeIgniter\Session\Handlers\FileHandler' driver.
INFO - 2023-12-15 08:06:52 --> Session: Class initialized using 'CodeIgniter\Session\Handlers\FileHandler' driver.
INFO - 2023-12-15 08:06:54 --> Session: Class initialized using 'CodeIgniter\Session\Handlers\FileHandler' driver.
INFO - 2023-12-15 08:06:55 --> Session: Class initialized using 'CodeIgniter\Session\Handlers\FileHandler' driver.
INFO - 2023-12-15 08:56:53 --> Session: Class initialized using 'CodeIgniter\Session\Handlers\FileHandler' driver.
INFO - 2023-12-15 08:56:53 --> Session: Class initialized using 'CodeIgniter\Session\Handlers\FileHandler' driver.
