INFO - 2023-12-17 06:23:13 --> Session: Class initialized using 'CodeIgniter\Session\Handlers\FileHandler' driver.
INFO - 2023-12-17 06:23:13 --> Session: Class initialized using 'CodeIgniter\Session\Handlers\FileHandler' driver.
INFO - 2023-12-17 06:23:23 --> Session: Class initialized using 'CodeIgniter\Session\Handlers\FileHandler' driver.
INFO - 2023-12-17 06:23:23 --> Session: Class initialized using 'CodeIgniter\Session\Handlers\FileHandler' driver.
INFO - 2023-12-17 06:31:15 --> Session: Class initialized using 'CodeIgniter\Session\Handlers\FileHandler' driver.
CRITICAL - 2023-12-17 06:32:13 --> Call to undefined method App\Models\Customer::getUserByUsername
in SYSTEMPATH\Model.php on line 878.
 1 APPPATH\Models\Customer.php(40): CodeIgniter\Model->__call('getUserByUsername', [...])
 2 APPPATH\Controllers\PemesananController.php(16): App\Models\Customer->validatePassword('customer1', 'password')
 3 SYSTEMPATH\CodeIgniter.php(942): App\Controllers\PemesananController->index('1')
 4 SYSTEMPATH\CodeIgniter.php(502): CodeIgniter\CodeIgniter->runController(Object(App\Controllers\PemesananController))
 5 SYSTEMPATH\CodeIgniter.php(361): CodeIgniter\CodeIgniter->handleRequest(null, Object(Config\Cache), false)
 6 FCPATH\index.php(79): CodeIgniter\CodeIgniter->run()
 7 SYSTEMPATH\Commands\Server\rewrite.php(47): require_once('C:\\Users\\Administrator\\Filbert Felim\\TST-CodeIgniter\\public\\index.php')
CRITICAL - 2023-12-17 06:32:36 --> App\Models\Customer::validatePassword(): Argument #1 ($username) must be of type string, null given, called in C:\Users\Administrator\Filbert Felim\TST-CodeIgniter\app\Controllers\PemesananController.php on line 16
in APPPATH\Models\Customer.php on line 38.
 1 APPPATH\Controllers\PemesananController.php(16): App\Models\Customer->validatePassword(null, null)
 2 SYSTEMPATH\CodeIgniter.php(942): App\Controllers\PemesananController->index('1')
 3 SYSTEMPATH\CodeIgniter.php(502): CodeIgniter\CodeIgniter->runController(Object(App\Controllers\PemesananController))
 4 SYSTEMPATH\CodeIgniter.php(361): CodeIgniter\CodeIgniter->handleRequest(null, Object(Config\Cache), false)
 5 FCPATH\index.php(79): CodeIgniter\CodeIgniter->run()
 6 SYSTEMPATH\Commands\Server\rewrite.php(47): require_once('C:\\Users\\Administrator\\Filbert Felim\\TST-CodeIgniter\\public\\index.php')
CRITICAL - 2023-12-17 06:32:37 --> App\Models\Customer::validatePassword(): Argument #1 ($username) must be of type string, null given, called in C:\Users\Administrator\Filbert Felim\TST-CodeIgniter\app\Controllers\PemesananController.php on line 16
in APPPATH\Models\Customer.php on line 38.
 1 APPPATH\Controllers\PemesananController.php(16): App\Models\Customer->validatePassword(null, null)
 2 SYSTEMPATH\CodeIgniter.php(942): App\Controllers\PemesananController->index('1')
 3 SYSTEMPATH\CodeIgniter.php(502): CodeIgniter\CodeIgniter->runController(Object(App\Controllers\PemesananController))
 4 SYSTEMPATH\CodeIgniter.php(361): CodeIgniter\CodeIgniter->handleRequest(null, Object(Config\Cache), false)
 5 FCPATH\index.php(79): CodeIgniter\CodeIgniter->run()
 6 SYSTEMPATH\Commands\Server\rewrite.php(47): require_once('C:\\Users\\Administrator\\Filbert Felim\\TST-CodeIgniter\\public\\index.php')
CRITICAL - 2023-12-17 06:33:46 --> Call to undefined method App\Models\Customer::getUserByUsername
in SYSTEMPATH\Model.php on line 878.
 1 APPPATH\Models\Customer.php(40): CodeIgniter\Model->__call('getUserByUsername', [...])
 2 APPPATH\Controllers\PemesananController.php(17): App\Models\Customer->validatePassword('customer1', 'password')
 3 SYSTEMPATH\CodeIgniter.php(942): App\Controllers\PemesananController->index('1')
 4 SYSTEMPATH\CodeIgniter.php(502): CodeIgniter\CodeIgniter->runController(Object(App\Controllers\PemesananController))
 5 SYSTEMPATH\CodeIgniter.php(361): CodeIgniter\CodeIgniter->handleRequest(null, Object(Config\Cache), false)
 6 FCPATH\index.php(79): CodeIgniter\CodeIgniter->run()
 7 SYSTEMPATH\Commands\Server\rewrite.php(47): require_once('C:\\Users\\Administrator\\Filbert Felim\\TST-CodeIgniter\\public\\index.php')
CRITICAL - 2023-12-17 06:34:01 --> Call to undefined method App\Models\Customer::getUserByUsername
in SYSTEMPATH\Model.php on line 878.
 1 APPPATH\Models\Customer.php(40): CodeIgniter\Model->__call('getUserByUsername', [...])
 2 APPPATH\Controllers\PemesananController.php(17): App\Models\Customer->validatePassword('customer1', 'password')
 3 SYSTEMPATH\CodeIgniter.php(942): App\Controllers\PemesananController->index('1')
 4 SYSTEMPATH\CodeIgniter.php(502): CodeIgniter\CodeIgniter->runController(Object(App\Controllers\PemesananController))
 5 SYSTEMPATH\CodeIgniter.php(361): CodeIgniter\CodeIgniter->handleRequest(null, Object(Config\Cache), false)
 6 FCPATH\index.php(79): CodeIgniter\CodeIgniter->run()
 7 SYSTEMPATH\Commands\Server\rewrite.php(47): require_once('C:\\Users\\Administrator\\Filbert Felim\\TST-CodeIgniter\\public\\index.php')
CRITICAL - 2023-12-17 06:34:29 --> Call to undefined method App\Models\Customer::getUserByUsername
in SYSTEMPATH\Model.php on line 878.
 1 APPPATH\Models\Customer.php(40): CodeIgniter\Model->__call('getUserByUsername', [...])
 2 APPPATH\Controllers\PemesananController.php(17): App\Models\Customer->validatePassword('customer1', 'password')
 3 SYSTEMPATH\CodeIgniter.php(942): App\Controllers\PemesananController->index('1')
 4 SYSTEMPATH\CodeIgniter.php(502): CodeIgniter\CodeIgniter->runController(Object(App\Controllers\PemesananController))
 5 SYSTEMPATH\CodeIgniter.php(361): CodeIgniter\CodeIgniter->handleRequest(null, Object(Config\Cache), false)
 6 FCPATH\index.php(79): CodeIgniter\CodeIgniter->run()
 7 SYSTEMPATH\Commands\Server\rewrite.php(47): require_once('C:\\Users\\Administrator\\Filbert Felim\\TST-CodeIgniter\\public\\index.php')
CRITICAL - 2023-12-17 06:35:28 --> Call to undefined method App\Models\Customer::getUserByUsername
in SYSTEMPATH\Model.php on line 878.
 1 APPPATH\Models\Customer.php(40): CodeIgniter\Model->__call('getUserByUsername', [...])
 2 APPPATH\Controllers\PemesananController.php(17): App\Models\Customer->validatePassword('customer1', 'password')
 3 SYSTEMPATH\CodeIgniter.php(942): App\Controllers\PemesananController->index('2')
 4 SYSTEMPATH\CodeIgniter.php(502): CodeIgniter\CodeIgniter->runController(Object(App\Controllers\PemesananController))
 5 SYSTEMPATH\CodeIgniter.php(361): CodeIgniter\CodeIgniter->handleRequest(null, Object(Config\Cache), false)
 6 FCPATH\index.php(79): CodeIgniter\CodeIgniter->run()
 7 SYSTEMPATH\Commands\Server\rewrite.php(47): require_once('C:\\Users\\Administrator\\Filbert Felim\\TST-CodeIgniter\\public\\index.php')
CRITICAL - 2023-12-17 06:36:00 --> App\Models\Customer::validatePassword(): Argument #1 ($username) must be of type string, null given, called in C:\Users\Administrator\Filbert Felim\TST-CodeIgniter\app\Controllers\PemesananController.php on line 17
in APPPATH\Models\Customer.php on line 42.
 1 APPPATH\Controllers\PemesananController.php(17): App\Models\Customer->validatePassword(null, null)
 2 SYSTEMPATH\CodeIgniter.php(942): App\Controllers\PemesananController->index('1')
 3 SYSTEMPATH\CodeIgniter.php(502): CodeIgniter\CodeIgniter->runController(Object(App\Controllers\PemesananController))
 4 SYSTEMPATH\CodeIgniter.php(361): CodeIgniter\CodeIgniter->handleRequest(null, Object(Config\Cache), false)
 5 FCPATH\index.php(79): CodeIgniter\CodeIgniter->run()
 6 SYSTEMPATH\Commands\Server\rewrite.php(47): require_once('C:\\Users\\Administrator\\Filbert Felim\\TST-CodeIgniter\\public\\index.php')
CRITICAL - 2023-12-17 06:36:18 --> App\Models\Customer::validatePassword(): Argument #1 ($username) must be of type string, null given, called in C:\Users\Administrator\Filbert Felim\TST-CodeIgniter\app\Controllers\PemesananController.php on line 17
in APPPATH\Models\Customer.php on line 42.
 1 APPPATH\Controllers\PemesananController.php(17): App\Models\Customer->validatePassword(null, null)
 2 SYSTEMPATH\CodeIgniter.php(942): App\Controllers\PemesananController->index('1')
 3 SYSTEMPATH\CodeIgniter.php(502): CodeIgniter\CodeIgniter->runController(Object(App\Controllers\PemesananController))
 4 SYSTEMPATH\CodeIgniter.php(361): CodeIgniter\CodeIgniter->handleRequest(null, Object(Config\Cache), false)
 5 FCPATH\index.php(79): CodeIgniter\CodeIgniter->run()
 6 SYSTEMPATH\Commands\Server\rewrite.php(47): require_once('C:\\Users\\Administrator\\Filbert Felim\\TST-CodeIgniter\\public\\index.php')
CRITICAL - 2023-12-17 06:38:33 --> App\Models\Customer::validatePassword(): Argument #1 ($username) must be of type string, null given, called in C:\Users\Administrator\Filbert Felim\TST-CodeIgniter\app\Controllers\PemesananController.php on line 17
in APPPATH\Models\Customer.php on line 42.
 1 APPPATH\Controllers\PemesananController.php(17): App\Models\Customer->validatePassword(null, null)
 2 SYSTEMPATH\CodeIgniter.php(942): App\Controllers\PemesananController->index('1')
 3 SYSTEMPATH\CodeIgniter.php(502): CodeIgniter\CodeIgniter->runController(Object(App\Controllers\PemesananController))
 4 SYSTEMPATH\CodeIgniter.php(361): CodeIgniter\CodeIgniter->handleRequest(null, Object(Config\Cache), false)
 5 FCPATH\index.php(79): CodeIgniter\CodeIgniter->run()
 6 SYSTEMPATH\Commands\Server\rewrite.php(47): require_once('C:\\Users\\Administrator\\Filbert Felim\\TST-CodeIgniter\\public\\index.php')
INFO - 2023-12-17 06:40:45 --> Session: Class initialized using 'CodeIgniter\Session\Handlers\FileHandler' driver.
INFO - 2023-12-17 06:40:45 --> Session: Class initialized using 'CodeIgniter\Session\Handlers\FileHandler' driver.
INFO - 2023-12-17 06:40:50 --> Session: Class initialized using 'CodeIgniter\Session\Handlers\FileHandler' driver.
INFO - 2023-12-17 06:40:50 --> Session: Class initialized using 'CodeIgniter\Session\Handlers\FileHandler' driver.
INFO - 2023-12-17 06:44:15 --> Session: Class initialized using 'CodeIgniter\Session\Handlers\FileHandler' driver.
CRITICAL - 2023-12-17 06:44:15 --> 22 : The requested URL returned error: 500
in SYSTEMPATH\HTTP\CURLRequest.php on line 693.
 1 SYSTEMPATH\HTTP\CURLRequest.php(693): CodeIgniter\HTTP\Exceptions\HTTPException::forCurlError('22', 'The requested URL returned error: 500')
 2 SYSTEMPATH\HTTP\CURLRequest.php(387): CodeIgniter\HTTP\CURLRequest->sendRequest([...])
 3 SYSTEMPATH\HTTP\CURLRequest.php(145): CodeIgniter\HTTP\CURLRequest->send('get', 'http://localhost:8081/restoranAPI/')
 4 APPPATH\Controllers\PageController.php(14): CodeIgniter\HTTP\CURLRequest->request('get', 'http://localhost:8081/restoranAPI/', [...])
 5 SYSTEMPATH\CodeIgniter.php(942): App\Controllers\PageController->index()
 6 SYSTEMPATH\CodeIgniter.php(502): CodeIgniter\CodeIgniter->runController(Object(App\Controllers\PageController))
 7 SYSTEMPATH\CodeIgniter.php(361): CodeIgniter\CodeIgniter->handleRequest(null, Object(Config\Cache), false)
 8 FCPATH\index.php(79): CodeIgniter\CodeIgniter->run()
 9 SYSTEMPATH\Commands\Server\rewrite.php(47): require_once('C:\\Users\\Administrator\\Filbert Felim\\TST-CodeIgniter\\public\\index.php')
INFO - 2023-12-17 06:44:38 --> Session: Class initialized using 'CodeIgniter\Session\Handlers\FileHandler' driver.
INFO - 2023-12-17 06:44:40 --> Session: Class initialized using 'CodeIgniter\Session\Handlers\FileHandler' driver.
CRITICAL - 2023-12-17 06:44:40 --> 22 : The requested URL returned error: 500
in SYSTEMPATH\HTTP\CURLRequest.php on line 693.
 1 SYSTEMPATH\HTTP\CURLRequest.php(693): CodeIgniter\HTTP\Exceptions\HTTPException::forCurlError('22', 'The requested URL returned error: 500')
 2 SYSTEMPATH\HTTP\CURLRequest.php(387): CodeIgniter\HTTP\CURLRequest->sendRequest([...])
 3 SYSTEMPATH\HTTP\CURLRequest.php(145): CodeIgniter\HTTP\CURLRequest->send('get', 'http://localhost:8081/makananAPI/2')
 4 APPPATH\Controllers\PageController.php(33): CodeIgniter\HTTP\CURLRequest->request('get', 'http://localhost:8081/makananAPI/2', [...])
 5 SYSTEMPATH\CodeIgniter.php(942): App\Controllers\PageController->makanan('2')
 6 SYSTEMPATH\CodeIgniter.php(502): CodeIgniter\CodeIgniter->runController(Object(App\Controllers\PageController))
 7 SYSTEMPATH\CodeIgniter.php(361): CodeIgniter\CodeIgniter->handleRequest(null, Object(Config\Cache), false)
 8 FCPATH\index.php(79): CodeIgniter\CodeIgniter->run()
 9 SYSTEMPATH\Commands\Server\rewrite.php(47): require_once('C:\\Users\\Administrator\\Filbert Felim\\TST-CodeIgniter\\public\\index.php')
INFO - 2023-12-17 06:44:43 --> Session: Class initialized using 'CodeIgniter\Session\Handlers\FileHandler' driver.
INFO - 2023-12-17 06:44:57 --> Session: Class initialized using 'CodeIgniter\Session\Handlers\FileHandler' driver.
INFO - 2023-12-17 06:45:04 --> Session: Class initialized using 'CodeIgniter\Session\Handlers\FileHandler' driver.
INFO - 2023-12-17 06:45:06 --> Session: Class initialized using 'CodeIgniter\Session\Handlers\FileHandler' driver.
CRITICAL - 2023-12-17 06:45:06 --> 22 : The requested URL returned error: 500
in SYSTEMPATH\HTTP\CURLRequest.php on line 693.
 1 SYSTEMPATH\HTTP\CURLRequest.php(693): CodeIgniter\HTTP\Exceptions\HTTPException::forCurlError('22', 'The requested URL returned error: 500')
 2 SYSTEMPATH\HTTP\CURLRequest.php(387): CodeIgniter\HTTP\CURLRequest->sendRequest([...])
 3 SYSTEMPATH\HTTP\CURLRequest.php(145): CodeIgniter\HTTP\CURLRequest->send('get', 'http://localhost:8081/makananAPI/3?username=richeese&password=richeese123')
 4 APPPATH\Controllers\PageController.php(33): CodeIgniter\HTTP\CURLRequest->request('get', 'http://localhost:8081/makananAPI/3?username=richeese&password=richeese123', [...])
 5 SYSTEMPATH\CodeIgniter.php(942): App\Controllers\PageController->makanan('3')
 6 SYSTEMPATH\CodeIgniter.php(502): CodeIgniter\CodeIgniter->runController(Object(App\Controllers\PageController))
 7 SYSTEMPATH\CodeIgniter.php(361): CodeIgniter\CodeIgniter->handleRequest(null, Object(Config\Cache), false)
 8 FCPATH\index.php(79): CodeIgniter\CodeIgniter->run()
 9 SYSTEMPATH\Commands\Server\rewrite.php(47): require_once('C:\\Users\\Administrator\\Filbert Felim\\TST-CodeIgniter\\public\\index.php')
INFO - 2023-12-17 06:45:49 --> Session: Class initialized using 'CodeIgniter\Session\Handlers\FileHandler' driver.
CRITICAL - 2023-12-17 06:45:49 --> 22 : The requested URL returned error: 500
in SYSTEMPATH\HTTP\CURLRequest.php on line 693.
 1 SYSTEMPATH\HTTP\CURLRequest.php(693): CodeIgniter\HTTP\Exceptions\HTTPException::forCurlError('22', 'The requested URL returned error: 500')
 2 SYSTEMPATH\HTTP\CURLRequest.php(387): CodeIgniter\HTTP\CURLRequest->sendRequest([...])
 3 SYSTEMPATH\HTTP\CURLRequest.php(145): CodeIgniter\HTTP\CURLRequest->send('get', 'http://localhost:8081/makananAPI/3?username=richeese&password=richeese123')
 4 APPPATH\Controllers\PageController.php(33): CodeIgniter\HTTP\CURLRequest->request('get', 'http://localhost:8081/makananAPI/3?username=richeese&password=richeese123', [...])
 5 SYSTEMPATH\CodeIgniter.php(942): App\Controllers\PageController->makanan('3')
 6 SYSTEMPATH\CodeIgniter.php(502): CodeIgniter\CodeIgniter->runController(Object(App\Controllers\PageController))
 7 SYSTEMPATH\CodeIgniter.php(361): CodeIgniter\CodeIgniter->handleRequest(null, Object(Config\Cache), false)
 8 FCPATH\index.php(79): CodeIgniter\CodeIgniter->run()
 9 SYSTEMPATH\Commands\Server\rewrite.php(47): require_once('C:\\Users\\Administrator\\Filbert Felim\\TST-CodeIgniter\\public\\index.php')
INFO - 2023-12-17 06:45:50 --> Session: Class initialized using 'CodeIgniter\Session\Handlers\FileHandler' driver.
CRITICAL - 2023-12-17 06:45:50 --> 22 : The requested URL returned error: 500
in SYSTEMPATH\HTTP\CURLRequest.php on line 693.
 1 SYSTEMPATH\HTTP\CURLRequest.php(693): CodeIgniter\HTTP\Exceptions\HTTPException::forCurlError('22', 'The requested URL returned error: 500')
 2 SYSTEMPATH\HTTP\CURLRequest.php(387): CodeIgniter\HTTP\CURLRequest->sendRequest([...])
 3 SYSTEMPATH\HTTP\CURLRequest.php(145): CodeIgniter\HTTP\CURLRequest->send('get', 'http://localhost:8081/makananAPI/3?username=richeese&password=richeese123')
 4 APPPATH\Controllers\PageController.php(33): CodeIgniter\HTTP\CURLRequest->request('get', 'http://localhost:8081/makananAPI/3?username=richeese&password=richeese123', [...])
 5 SYSTEMPATH\CodeIgniter.php(942): App\Controllers\PageController->makanan('3')
 6 SYSTEMPATH\CodeIgniter.php(502): CodeIgniter\CodeIgniter->runController(Object(App\Controllers\PageController))
 7 SYSTEMPATH\CodeIgniter.php(361): CodeIgniter\CodeIgniter->handleRequest(null, Object(Config\Cache), false)
 8 FCPATH\index.php(79): CodeIgniter\CodeIgniter->run()
 9 SYSTEMPATH\Commands\Server\rewrite.php(47): require_once('C:\\Users\\Administrator\\Filbert Felim\\TST-CodeIgniter\\public\\index.php')
INFO - 2023-12-17 06:45:50 --> Session: Class initialized using 'CodeIgniter\Session\Handlers\FileHandler' driver.
CRITICAL - 2023-12-17 06:45:50 --> 22 : The requested URL returned error: 500
in SYSTEMPATH\HTTP\CURLRequest.php on line 693.
 1 SYSTEMPATH\HTTP\CURLRequest.php(693): CodeIgniter\HTTP\Exceptions\HTTPException::forCurlError('22', 'The requested URL returned error: 500')
 2 SYSTEMPATH\HTTP\CURLRequest.php(387): CodeIgniter\HTTP\CURLRequest->sendRequest([...])
 3 SYSTEMPATH\HTTP\CURLRequest.php(145): CodeIgniter\HTTP\CURLRequest->send('get', 'http://localhost:8081/makananAPI/3?username=richeese&password=richeese123')
 4 APPPATH\Controllers\PageController.php(33): CodeIgniter\HTTP\CURLRequest->request('get', 'http://localhost:8081/makananAPI/3?username=richeese&password=richeese123', [...])
 5 SYSTEMPATH\CodeIgniter.php(942): App\Controllers\PageController->makanan('3')
 6 SYSTEMPATH\CodeIgniter.php(502): CodeIgniter\CodeIgniter->runController(Object(App\Controllers\PageController))
 7 SYSTEMPATH\CodeIgniter.php(361): CodeIgniter\CodeIgniter->handleRequest(null, Object(Config\Cache), false)
 8 FCPATH\index.php(79): CodeIgniter\CodeIgniter->run()
 9 SYSTEMPATH\Commands\Server\rewrite.php(47): require_once('C:\\Users\\Administrator\\Filbert Felim\\TST-CodeIgniter\\public\\index.php')
INFO - 2023-12-17 06:45:50 --> Session: Class initialized using 'CodeIgniter\Session\Handlers\FileHandler' driver.
CRITICAL - 2023-12-17 06:45:51 --> 22 : The requested URL returned error: 500
in SYSTEMPATH\HTTP\CURLRequest.php on line 693.
 1 SYSTEMPATH\HTTP\CURLRequest.php(693): CodeIgniter\HTTP\Exceptions\HTTPException::forCurlError('22', 'The requested URL returned error: 500')
 2 SYSTEMPATH\HTTP\CURLRequest.php(387): CodeIgniter\HTTP\CURLRequest->sendRequest([...])
 3 SYSTEMPATH\HTTP\CURLRequest.php(145): CodeIgniter\HTTP\CURLRequest->send('get', 'http://localhost:8081/makananAPI/3?username=richeese&password=richeese123')
 4 APPPATH\Controllers\PageController.php(33): CodeIgniter\HTTP\CURLRequest->request('get', 'http://localhost:8081/makananAPI/3?username=richeese&password=richeese123', [...])
 5 SYSTEMPATH\CodeIgniter.php(942): App\Controllers\PageController->makanan('3')
 6 SYSTEMPATH\CodeIgniter.php(502): CodeIgniter\CodeIgniter->runController(Object(App\Controllers\PageController))
 7 SYSTEMPATH\CodeIgniter.php(361): CodeIgniter\CodeIgniter->handleRequest(null, Object(Config\Cache), false)
 8 FCPATH\index.php(79): CodeIgniter\CodeIgniter->run()
 9 SYSTEMPATH\Commands\Server\rewrite.php(47): require_once('C:\\Users\\Administrator\\Filbert Felim\\TST-CodeIgniter\\public\\index.php')
INFO - 2023-12-17 06:45:51 --> Session: Class initialized using 'CodeIgniter\Session\Handlers\FileHandler' driver.
CRITICAL - 2023-12-17 06:45:51 --> 22 : The requested URL returned error: 500
in SYSTEMPATH\HTTP\CURLRequest.php on line 693.
 1 SYSTEMPATH\HTTP\CURLRequest.php(693): CodeIgniter\HTTP\Exceptions\HTTPException::forCurlError('22', 'The requested URL returned error: 500')
 2 SYSTEMPATH\HTTP\CURLRequest.php(387): CodeIgniter\HTTP\CURLRequest->sendRequest([...])
 3 SYSTEMPATH\HTTP\CURLRequest.php(145): CodeIgniter\HTTP\CURLRequest->send('get', 'http://localhost:8081/makananAPI/3?username=richeese&password=richeese123')
 4 APPPATH\Controllers\PageController.php(33): CodeIgniter\HTTP\CURLRequest->request('get', 'http://localhost:8081/makananAPI/3?username=richeese&password=richeese123', [...])
 5 SYSTEMPATH\CodeIgniter.php(942): App\Controllers\PageController->makanan('3')
 6 SYSTEMPATH\CodeIgniter.php(502): CodeIgniter\CodeIgniter->runController(Object(App\Controllers\PageController))
 7 SYSTEMPATH\CodeIgniter.php(361): CodeIgniter\CodeIgniter->handleRequest(null, Object(Config\Cache), false)
 8 FCPATH\index.php(79): CodeIgniter\CodeIgniter->run()
 9 SYSTEMPATH\Commands\Server\rewrite.php(47): require_once('C:\\Users\\Administrator\\Filbert Felim\\TST-CodeIgniter\\public\\index.php')
INFO - 2023-12-17 06:45:51 --> Session: Class initialized using 'CodeIgniter\Session\Handlers\FileHandler' driver.
CRITICAL - 2023-12-17 06:45:51 --> 22 : The requested URL returned error: 500
in SYSTEMPATH\HTTP\CURLRequest.php on line 693.
 1 SYSTEMPATH\HTTP\CURLRequest.php(693): CodeIgniter\HTTP\Exceptions\HTTPException::forCurlError('22', 'The requested URL returned error: 500')
 2 SYSTEMPATH\HTTP\CURLRequest.php(387): CodeIgniter\HTTP\CURLRequest->sendRequest([...])
 3 SYSTEMPATH\HTTP\CURLRequest.php(145): CodeIgniter\HTTP\CURLRequest->send('get', 'http://localhost:8081/makananAPI/3?username=richeese&password=richeese123')
 4 APPPATH\Controllers\PageController.php(33): CodeIgniter\HTTP\CURLRequest->request('get', 'http://localhost:8081/makananAPI/3?username=richeese&password=richeese123', [...])
 5 SYSTEMPATH\CodeIgniter.php(942): App\Controllers\PageController->makanan('3')
 6 SYSTEMPATH\CodeIgniter.php(502): CodeIgniter\CodeIgniter->runController(Object(App\Controllers\PageController))
 7 SYSTEMPATH\CodeIgniter.php(361): CodeIgniter\CodeIgniter->handleRequest(null, Object(Config\Cache), false)
 8 FCPATH\index.php(79): CodeIgniter\CodeIgniter->run()
 9 SYSTEMPATH\Commands\Server\rewrite.php(47): require_once('C:\\Users\\Administrator\\Filbert Felim\\TST-CodeIgniter\\public\\index.php')
INFO - 2023-12-17 06:45:51 --> Session: Class initialized using 'CodeIgniter\Session\Handlers\FileHandler' driver.
CRITICAL - 2023-12-17 06:45:51 --> 22 : The requested URL returned error: 500
in SYSTEMPATH\HTTP\CURLRequest.php on line 693.
 1 SYSTEMPATH\HTTP\CURLRequest.php(693): CodeIgniter\HTTP\Exceptions\HTTPException::forCurlError('22', 'The requested URL returned error: 500')
 2 SYSTEMPATH\HTTP\CURLRequest.php(387): CodeIgniter\HTTP\CURLRequest->sendRequest([...])
 3 SYSTEMPATH\HTTP\CURLRequest.php(145): CodeIgniter\HTTP\CURLRequest->send('get', 'http://localhost:8081/makananAPI/3?username=richeese&password=richeese123')
 4 APPPATH\Controllers\PageController.php(33): CodeIgniter\HTTP\CURLRequest->request('get', 'http://localhost:8081/makananAPI/3?username=richeese&password=richeese123', [...])
 5 SYSTEMPATH\CodeIgniter.php(942): App\Controllers\PageController->makanan('3')
 6 SYSTEMPATH\CodeIgniter.php(502): CodeIgniter\CodeIgniter->runController(Object(App\Controllers\PageController))
 7 SYSTEMPATH\CodeIgniter.php(361): CodeIgniter\CodeIgniter->handleRequest(null, Object(Config\Cache), false)
 8 FCPATH\index.php(79): CodeIgniter\CodeIgniter->run()
 9 SYSTEMPATH\Commands\Server\rewrite.php(47): require_once('C:\\Users\\Administrator\\Filbert Felim\\TST-CodeIgniter\\public\\index.php')
INFO - 2023-12-17 06:45:51 --> Session: Class initialized using 'CodeIgniter\Session\Handlers\FileHandler' driver.
CRITICAL - 2023-12-17 06:45:51 --> 22 : The requested URL returned error: 500
in SYSTEMPATH\HTTP\CURLRequest.php on line 693.
 1 SYSTEMPATH\HTTP\CURLRequest.php(693): CodeIgniter\HTTP\Exceptions\HTTPException::forCurlError('22', 'The requested URL returned error: 500')
 2 SYSTEMPATH\HTTP\CURLRequest.php(387): CodeIgniter\HTTP\CURLRequest->sendRequest([...])
 3 SYSTEMPATH\HTTP\CURLRequest.php(145): CodeIgniter\HTTP\CURLRequest->send('get', 'http://localhost:8081/makananAPI/3?username=richeese&password=richeese123')
 4 APPPATH\Controllers\PageController.php(33): CodeIgniter\HTTP\CURLRequest->request('get', 'http://localhost:8081/makananAPI/3?username=richeese&password=richeese123', [...])
 5 SYSTEMPATH\CodeIgniter.php(942): App\Controllers\PageController->makanan('3')
 6 SYSTEMPATH\CodeIgniter.php(502): CodeIgniter\CodeIgniter->runController(Object(App\Controllers\PageController))
 7 SYSTEMPATH\CodeIgniter.php(361): CodeIgniter\CodeIgniter->handleRequest(null, Object(Config\Cache), false)
 8 FCPATH\index.php(79): CodeIgniter\CodeIgniter->run()
 9 SYSTEMPATH\Commands\Server\rewrite.php(47): require_once('C:\\Users\\Administrator\\Filbert Felim\\TST-CodeIgniter\\public\\index.php')
INFO - 2023-12-17 06:45:52 --> Session: Class initialized using 'CodeIgniter\Session\Handlers\FileHandler' driver.
INFO - 2023-12-17 06:45:53 --> Session: Class initialized using 'CodeIgniter\Session\Handlers\FileHandler' driver.
INFO - 2023-12-17 06:45:57 --> Session: Class initialized using 'CodeIgniter\Session\Handlers\FileHandler' driver.
CRITICAL - 2023-12-17 06:45:57 --> 22 : The requested URL returned error: 500
in SYSTEMPATH\HTTP\CURLRequest.php on line 693.
 1 SYSTEMPATH\HTTP\CURLRequest.php(693): CodeIgniter\HTTP\Exceptions\HTTPException::forCurlError('22', 'The requested URL returned error: 500')
 2 SYSTEMPATH\HTTP\CURLRequest.php(387): CodeIgniter\HTTP\CURLRequest->sendRequest([...])
 3 SYSTEMPATH\HTTP\CURLRequest.php(145): CodeIgniter\HTTP\CURLRequest->send('get', 'http://localhost:8081/makananAPI/3?username=richeese&password=richeese123')
 4 APPPATH\Controllers\PageController.php(33): CodeIgniter\HTTP\CURLRequest->request('get', 'http://localhost:8081/makananAPI/3?username=richeese&password=richeese123', [...])
 5 SYSTEMPATH\CodeIgniter.php(942): App\Controllers\PageController->makanan('3')
 6 SYSTEMPATH\CodeIgniter.php(502): CodeIgniter\CodeIgniter->runController(Object(App\Controllers\PageController))
 7 SYSTEMPATH\CodeIgniter.php(361): CodeIgniter\CodeIgniter->handleRequest(null, Object(Config\Cache), false)
 8 FCPATH\index.php(79): CodeIgniter\CodeIgniter->run()
 9 SYSTEMPATH\Commands\Server\rewrite.php(47): require_once('C:\\Users\\Administrator\\Filbert Felim\\TST-CodeIgniter\\public\\index.php')
INFO - 2023-12-17 06:46:41 --> Session: Class initialized using 'CodeIgniter\Session\Handlers\FileHandler' driver.
CRITICAL - 2023-12-17 06:46:41 --> 22 : The requested URL returned error: 500
in SYSTEMPATH\HTTP\CURLRequest.php on line 693.
 1 SYSTEMPATH\HTTP\CURLRequest.php(693): CodeIgniter\HTTP\Exceptions\HTTPException::forCurlError('22', 'The requested URL returned error: 500')
 2 SYSTEMPATH\HTTP\CURLRequest.php(387): CodeIgniter\HTTP\CURLRequest->sendRequest([...])
 3 SYSTEMPATH\HTTP\CURLRequest.php(145): CodeIgniter\HTTP\CURLRequest->send('get', 'http://localhost:8081/makananAPI/3?username=richeese&password=richeese123')
 4 APPPATH\Controllers\PageController.php(33): CodeIgniter\HTTP\CURLRequest->request('get', 'http://localhost:8081/makananAPI/3?username=richeese&password=richeese123', [...])
 5 SYSTEMPATH\CodeIgniter.php(942): App\Controllers\PageController->makanan('3')
 6 SYSTEMPATH\CodeIgniter.php(502): CodeIgniter\CodeIgniter->runController(Object(App\Controllers\PageController))
 7 SYSTEMPATH\CodeIgniter.php(361): CodeIgniter\CodeIgniter->handleRequest(null, Object(Config\Cache), false)
 8 FCPATH\index.php(79): CodeIgniter\CodeIgniter->run()
 9 SYSTEMPATH\Commands\Server\rewrite.php(47): require_once('C:\\Users\\Administrator\\Filbert Felim\\TST-CodeIgniter\\public\\index.php')
INFO - 2023-12-17 06:47:33 --> Session: Class initialized using 'CodeIgniter\Session\Handlers\FileHandler' driver.
CRITICAL - 2023-12-17 06:47:33 --> 22 : The requested URL returned error: 500
in SYSTEMPATH\HTTP\CURLRequest.php on line 693.
 1 SYSTEMPATH\HTTP\CURLRequest.php(693): CodeIgniter\HTTP\Exceptions\HTTPException::forCurlError('22', 'The requested URL returned error: 500')
 2 SYSTEMPATH\HTTP\CURLRequest.php(387): CodeIgniter\HTTP\CURLRequest->sendRequest([...])
 3 SYSTEMPATH\HTTP\CURLRequest.php(145): CodeIgniter\HTTP\CURLRequest->send('get', 'http://localhost:8081/makananAPI/3?username=richeese&password=richeese123')
 4 APPPATH\Controllers\PageController.php(33): CodeIgniter\HTTP\CURLRequest->request('get', 'http://localhost:8081/makananAPI/3?username=richeese&password=richeese123', [...])
 5 SYSTEMPATH\CodeIgniter.php(942): App\Controllers\PageController->makanan('3')
 6 SYSTEMPATH\CodeIgniter.php(502): CodeIgniter\CodeIgniter->runController(Object(App\Controllers\PageController))
 7 SYSTEMPATH\CodeIgniter.php(361): CodeIgniter\CodeIgniter->handleRequest(null, Object(Config\Cache), false)
 8 FCPATH\index.php(79): CodeIgniter\CodeIgniter->run()
 9 SYSTEMPATH\Commands\Server\rewrite.php(47): require_once('C:\\Users\\Administrator\\Filbert Felim\\TST-CodeIgniter\\public\\index.php')
INFO - 2023-12-17 06:47:34 --> Session: Class initialized using 'CodeIgniter\Session\Handlers\FileHandler' driver.
INFO - 2023-12-17 06:47:35 --> Session: Class initialized using 'CodeIgniter\Session\Handlers\FileHandler' driver.
INFO - 2023-12-17 06:47:36 --> Session: Class initialized using 'CodeIgniter\Session\Handlers\FileHandler' driver.
INFO - 2023-12-17 06:47:37 --> Session: Class initialized using 'CodeIgniter\Session\Handlers\FileHandler' driver.
INFO - 2023-12-17 06:47:38 --> Session: Class initialized using 'CodeIgniter\Session\Handlers\FileHandler' driver.
INFO - 2023-12-17 06:47:38 --> Session: Class initialized using 'CodeIgniter\Session\Handlers\FileHandler' driver.
INFO - 2023-12-17 06:47:47 --> Session: Class initialized using 'CodeIgniter\Session\Handlers\FileHandler' driver.
CRITICAL - 2023-12-17 06:47:47 --> 22 : The requested URL returned error: 500
in SYSTEMPATH\HTTP\CURLRequest.php on line 693.
 1 SYSTEMPATH\HTTP\CURLRequest.php(693): CodeIgniter\HTTP\Exceptions\HTTPException::forCurlError('22', 'The requested URL returned error: 500')
 2 SYSTEMPATH\HTTP\CURLRequest.php(387): CodeIgniter\HTTP\CURLRequest->sendRequest([...])
 3 SYSTEMPATH\HTTP\CURLRequest.php(145): CodeIgniter\HTTP\CURLRequest->send('get', 'http://localhost:8081/makananAPI/4?username=richeese&password=richeese123')
 4 APPPATH\Controllers\PageController.php(33): CodeIgniter\HTTP\CURLRequest->request('get', 'http://localhost:8081/makananAPI/4?username=richeese&password=richeese123', [...])
 5 SYSTEMPATH\CodeIgniter.php(942): App\Controllers\PageController->makanan('4')
 6 SYSTEMPATH\CodeIgniter.php(502): CodeIgniter\CodeIgniter->runController(Object(App\Controllers\PageController))
 7 SYSTEMPATH\CodeIgniter.php(361): CodeIgniter\CodeIgniter->handleRequest(null, Object(Config\Cache), false)
 8 FCPATH\index.php(79): CodeIgniter\CodeIgniter->run()
 9 SYSTEMPATH\Commands\Server\rewrite.php(47): require_once('C:\\Users\\Administrator\\Filbert Felim\\TST-CodeIgniter\\public\\index.php')
INFO - 2023-12-17 06:49:24 --> Session: Class initialized using 'CodeIgniter\Session\Handlers\FileHandler' driver.
CRITICAL - 2023-12-17 06:49:24 --> 22 : The requested URL returned error: 500
in SYSTEMPATH\HTTP\CURLRequest.php on line 693.
 1 SYSTEMPATH\HTTP\CURLRequest.php(693): CodeIgniter\HTTP\Exceptions\HTTPException::forCurlError('22', 'The requested URL returned error: 500')
 2 SYSTEMPATH\HTTP\CURLRequest.php(387): CodeIgniter\HTTP\CURLRequest->sendRequest([...])
 3 SYSTEMPATH\HTTP\CURLRequest.php(145): CodeIgniter\HTTP\CURLRequest->send('get', 'http://localhost:8081/makananAPI/4?username=richeese&password=richeese123')
 4 APPPATH\Controllers\PageController.php(33): CodeIgniter\HTTP\CURLRequest->request('get', 'http://localhost:8081/makananAPI/4?username=richeese&password=richeese123', [...])
 5 SYSTEMPATH\CodeIgniter.php(942): App\Controllers\PageController->makanan('4')
 6 SYSTEMPATH\CodeIgniter.php(502): CodeIgniter\CodeIgniter->runController(Object(App\Controllers\PageController))
 7 SYSTEMPATH\CodeIgniter.php(361): CodeIgniter\CodeIgniter->handleRequest(null, Object(Config\Cache), false)
 8 FCPATH\index.php(79): CodeIgniter\CodeIgniter->run()
 9 SYSTEMPATH\Commands\Server\rewrite.php(47): require_once('C:\\Users\\Administrator\\Filbert Felim\\TST-CodeIgniter\\public\\index.php')
INFO - 2023-12-17 06:50:14 --> Session: Class initialized using 'CodeIgniter\Session\Handlers\FileHandler' driver.
INFO - 2023-12-17 06:50:25 --> Session: Class initialized using 'CodeIgniter\Session\Handlers\FileHandler' driver.
INFO - 2023-12-17 06:50:26 --> Session: Class initialized using 'CodeIgniter\Session\Handlers\FileHandler' driver.
INFO - 2023-12-17 06:50:27 --> Session: Class initialized using 'CodeIgniter\Session\Handlers\FileHandler' driver.
INFO - 2023-12-17 06:50:28 --> Session: Class initialized using 'CodeIgniter\Session\Handlers\FileHandler' driver.
INFO - 2023-12-17 06:50:30 --> Session: Class initialized using 'CodeIgniter\Session\Handlers\FileHandler' driver.
INFO - 2023-12-17 06:50:30 --> Session: Class initialized using 'CodeIgniter\Session\Handlers\FileHandler' driver.
INFO - 2023-12-17 06:50:31 --> Session: Class initialized using 'CodeIgniter\Session\Handlers\FileHandler' driver.
